<?xml version="1.0" encoding="UTF-8"?>
<coverage generated="1734345163032" clover="3.2.0">
  <project timestamp="1734345163032" name="All files">
    <metrics statements="234" coveredstatements="211" conditionals="79" coveredconditionals="57" methods="48" coveredmethods="45" elements="361" coveredelements="313" complexity="0" loc="234" ncloc="234" packages="1" files="13" classes="13"/>
    <file name="Card.js" path="C:\Users\user\Desktop\Software_Engineer_Program_Courses\3rd year\Testing\Assignment 1 part 2\TDD_testing_assigment\src\Card.js">
      <metrics statements="25" coveredstatements="25" conditionals="6" coveredconditionals="6" methods="7" coveredmethods="7"/>
      <line num="1" count="7" type="stmt"/>
      <line num="2" count="7" type="stmt"/>
      <line num="4" count="2100" type="stmt"/>
      <line num="5" count="2100" type="stmt"/>
      <line num="7" count="2100" type="stmt"/>
      <line num="8" count="2100" type="stmt"/>
      <line num="12" count="1" type="stmt"/>
      <line num="15" count="2111" type="cond" truecount="2" falsecount="0"/>
      <line num="16" count="2110" type="stmt"/>
      <line num="18" count="1" type="stmt"/>
      <line num="23" count="1" type="stmt"/>
      <line num="26" count="2117" type="cond" truecount="2" falsecount="0"/>
      <line num="27" count="2116" type="stmt"/>
      <line num="29" count="1" type="stmt"/>
      <line num="34" count="5113" type="stmt"/>
      <line num="38" count="88" type="stmt"/>
      <line num="42" count="2111" type="stmt"/>
      <line num="46" count="2117" type="stmt"/>
      <line num="50" count="5113" type="cond" truecount="2" falsecount="0"/>
      <line num="53" count="176" type="stmt"/>
      <line num="54" count="176" type="stmt"/>
      <line num="55" count="176" type="stmt"/>
      <line num="56" count="176" type="stmt"/>
      <line num="57" count="176" type="stmt"/>
      <line num="62" count="7" type="stmt"/>
    </file>
    <file name="Dealer.js" path="C:\Users\user\Desktop\Software_Engineer_Program_Courses\3rd year\Testing\Assignment 1 part 2\TDD_testing_assigment\src\Dealer.js">
      <metrics statements="6" coveredstatements="6" conditionals="0" coveredconditionals="0" methods="2" coveredmethods="2"/>
      <line num="1" count="4" type="stmt"/>
      <line num="2" count="4" type="stmt"/>
      <line num="8" count="24" type="stmt"/>
      <line num="9" count="24" type="stmt"/>
      <line num="13" count="89" type="stmt"/>
      <line num="17" count="4" type="stmt"/>
    </file>
    <file name="Deck.js" path="C:\Users\user\Desktop\Software_Engineer_Program_Courses\3rd year\Testing\Assignment 1 part 2\TDD_testing_assigment\src\Deck.js">
      <metrics statements="6" coveredstatements="5" conditionals="0" coveredconditionals="0" methods="3" coveredmethods="2"/>
      <line num="1" count="5" type="stmt"/>
      <line num="2" count="5" type="stmt"/>
      <line num="3" count="5" type="stmt"/>
      <line num="8" count="0" type="stmt"/>
      <line num="12" count="2088" type="stmt"/>
      <line num="16" count="5" type="stmt"/>
    </file>
    <file name="Game.js" path="C:\Users\user\Desktop\Software_Engineer_Program_Courses\3rd year\Testing\Assignment 1 part 2\TDD_testing_assigment\src\Game.js">
      <metrics statements="108" coveredstatements="91" conditionals="50" coveredconditionals="29" methods="14" coveredmethods="14"/>
      <line num="1" count="4" type="stmt"/>
      <line num="2" count="4" type="stmt"/>
      <line num="3" count="4" type="stmt"/>
      <line num="4" count="4" type="stmt"/>
      <line num="8" count="21" type="stmt"/>
      <line num="10" count="21" type="stmt"/>
      <line num="14" count="14" type="stmt"/>
      <line num="17" count="19" type="cond" truecount="4" falsecount="0"/>
      <line num="18" count="2" type="stmt"/>
      <line num="20" count="17" type="stmt"/>
      <line num="21" count="18" type="stmt"/>
      <line num="22" count="18" type="stmt"/>
      <line num="23" count="18" type="stmt"/>
      <line num="24" count="18" type="stmt"/>
      <line num="33" count="16" type="stmt"/>
      <line num="34" count="16" type="cond" truecount="1" falsecount="1"/>
      <line num="35" count="16" type="stmt"/>
      <line num="36" count="16" type="stmt"/>
      <line num="37" count="16" type="stmt"/>
      <line num="38" count="16" type="cond" truecount="3" falsecount="1"/>
      <line num="40" count="0" type="stmt"/>
      <line num="41" count="0" type="cond" truecount="0" falsecount="2"/>
      <line num="43" count="16" type="cond" truecount="1" falsecount="1"/>
      <line num="44" count="0" type="stmt"/>
      <line num="45" count="0" type="stmt"/>
      <line num="46" count="0" type="stmt"/>
      <line num="47" count="0" type="stmt"/>
      <line num="49" count="16" type="stmt"/>
      <line num="50" count="16" type="stmt"/>
      <line num="55" count="16" type="stmt"/>
      <line num="56" count="16" type="stmt"/>
      <line num="63" count="16" type="stmt"/>
      <line num="64" count="16" type="stmt"/>
      <line num="65" count="16" type="stmt"/>
      <line num="66" count="16" type="stmt"/>
      <line num="67" count="16" type="stmt"/>
      <line num="68" count="16" type="stmt"/>
      <line num="73" count="16" type="stmt"/>
      <line num="74" count="16" type="stmt"/>
      <line num="75" count="18" type="stmt"/>
      <line num="76" count="18" type="stmt"/>
      <line num="78" count="18" type="cond" truecount="1" falsecount="1"/>
      <line num="79" count="18" type="cond" truecount="2" falsecount="0"/>
      <line num="80" count="11" type="stmt"/>
      <line num="81" count="11" type="stmt"/>
      <line num="84" count="0" type="stmt"/>
      <line num="85" count="0" type="stmt"/>
      <line num="86" count="0" type="cond" truecount="0" falsecount="3"/>
      <line num="87" count="0" type="stmt"/>
      <line num="91" count="18" type="cond" truecount="2" falsecount="0"/>
      <line num="92" count="11" type="stmt"/>
      <line num="93" count="11" type="stmt"/>
      <line num="94" count="11" type="stmt"/>
      <line num="96" count="7" type="stmt"/>
      <line num="99" count="16" type="stmt"/>
      <line num="102" count="16" type="stmt"/>
      <line num="103" count="16" type="stmt"/>
      <line num="104" count="16" type="stmt"/>
      <line num="105" count="16" type="stmt"/>
      <line num="106" count="16" type="stmt"/>
      <line num="111" count="16" type="cond" truecount="1" falsecount="1"/>
      <line num="112" count="0" type="stmt"/>
      <line num="113" count="0" type="cond" truecount="0" falsecount="2"/>
      <line num="114" count="0" type="stmt"/>
      <line num="116" count="0" type="stmt"/>
      <line num="119" count="0" type="cond" truecount="0" falsecount="4"/>
      <line num="120" count="0" type="stmt"/>
      <line num="122" count="0" type="stmt"/>
      <line num="126" count="16" type="stmt"/>
      <line num="127" count="32" type="stmt"/>
      <line num="128" count="32" type="stmt"/>
      <line num="129" count="32" type="stmt"/>
      <line num="130" count="32" type="cond" truecount="1" falsecount="1"/>
      <line num="131" count="32" type="stmt"/>
      <line num="138" count="16" type="stmt"/>
      <line num="139" count="32" type="stmt"/>
      <line num="140" count="32" type="stmt"/>
      <line num="141" count="32" type="stmt"/>
      <line num="146" count="16" type="stmt"/>
      <line num="147" count="12" type="stmt"/>
      <line num="148" count="12" type="stmt"/>
      <line num="149" count="12" type="stmt"/>
      <line num="154" count="16" type="stmt"/>
      <line num="155" count="16" type="stmt"/>
      <line num="156" count="16" type="cond" truecount="5" falsecount="0"/>
      <line num="157" count="2" type="stmt"/>
      <line num="158" count="2" type="stmt"/>
      <line num="160" count="14" type="stmt"/>
      <line num="163" count="16" type="stmt"/>
      <line num="167" count="32" type="cond" truecount="2" falsecount="0"/>
      <line num="168" count="17" type="cond" truecount="2" falsecount="0"/>
      <line num="169" count="9" type="stmt"/>
      <line num="170" count="9" type="stmt"/>
      <line num="172" count="8" type="stmt"/>
      <line num="173" count="8" type="stmt"/>
      <line num="176" count="15" type="cond" truecount="2" falsecount="0"/>
      <line num="177" count="7" type="stmt"/>
      <line num="178" count="7" type="stmt"/>
      <line num="180" count="8" type="stmt"/>
      <line num="181" count="8" type="stmt"/>
      <line num="188" count="16" type="cond" truecount="2" falsecount="0"/>
      <line num="189" count="14" type="stmt"/>
      <line num="190" count="14" type="stmt"/>
      <line num="192" count="2" type="stmt"/>
      <line num="194" count="2" type="stmt"/>
      <line num="195" count="2" type="stmt"/>
      <line num="196" count="2" type="stmt"/>
      <line num="200" count="4" type="stmt"/>
    </file>
    <file name="GameStub.js" path="C:\Users\user\Desktop\Software_Engineer_Program_Courses\3rd year\Testing\Assignment 1 part 2\TDD_testing_assigment\src\GameStub.js">
      <metrics statements="4" coveredstatements="4" conditionals="0" coveredconditionals="0" methods="2" coveredmethods="2"/>
      <line num="1" count="3" type="stmt"/>
      <line num="4" count="19" type="stmt"/>
      <line num="7" count="26" type="stmt"/>
      <line num="11" count="3" type="stmt"/>
    </file>
    <file name="Hand.js" path="C:\Users\user\Desktop\Software_Engineer_Program_Courses\3rd year\Testing\Assignment 1 part 2\TDD_testing_assigment\src\Hand.js">
      <metrics statements="19" coveredstatements="19" conditionals="10" coveredconditionals="10" methods="5" coveredmethods="5"/>
      <line num="2" count="56" type="stmt"/>
      <line num="3" count="56" type="stmt"/>
      <line num="8" count="6" type="cond" truecount="2" falsecount="0"/>
      <line num="12" count="100" type="stmt"/>
      <line num="13" count="100" type="stmt"/>
      <line num="14" count="188" type="cond" truecount="2" falsecount="0"/>
      <line num="15" count="15" type="stmt"/>
      <line num="17" count="173" type="stmt"/>
      <line num="20" count="100" type="stmt"/>
      <line num="24" count="3" type="stmt"/>
      <line num="28" count="172" type="stmt"/>
      <line num="29" count="172" type="stmt"/>
      <line num="30" count="428" type="cond" truecount="2" falsecount="0"/>
      <line num="31" count="25" type="stmt"/>
      <line num="33" count="403" type="stmt"/>
      <line num="36" count="172" type="cond" truecount="4" falsecount="0"/>
      <line num="37" count="1" type="stmt"/>
      <line num="39" count="172" type="stmt"/>
      <line num="43" count="5" type="stmt"/>
    </file>
    <file name="HandStub.js" path="C:\Users\user\Desktop\Software_Engineer_Program_Courses\3rd year\Testing\Assignment 1 part 2\TDD_testing_assigment\src\HandStub.js">
      <metrics statements="3" coveredstatements="3" conditionals="0" coveredconditionals="0" methods="1" coveredmethods="1"/>
      <line num="1" count="1" type="stmt"/>
      <line num="5" count="1" type="stmt"/>
      <line num="9" count="1" type="stmt"/>
    </file>
    <file name="Player.js" path="C:\Users\user\Desktop\Software_Engineer_Program_Courses\3rd year\Testing\Assignment 1 part 2\TDD_testing_assigment\src\Player.js">
      <metrics statements="41" coveredstatements="39" conditionals="13" coveredconditionals="12" methods="9" coveredmethods="9"/>
      <line num="1" count="4" type="stmt"/>
      <line num="2" count="4" type="stmt"/>
      <line num="3" count="4" type="stmt"/>
      <line num="6" count="47" type="stmt"/>
      <line num="12" count="47" type="stmt"/>
      <line num="13" count="47" type="stmt"/>
      <line num="14" count="47" type="stmt"/>
      <line num="15" count="47" type="stmt"/>
      <line num="18" count="20" type="stmt"/>
      <line num="21" count="19" type="stmt"/>
      <line num="24" count="1" type="stmt"/>
      <line num="27" count="258" type="stmt"/>
      <line num="30" count="69" type="stmt"/>
      <line num="34" count="76" type="cond" truecount="10" falsecount="0"/>
      <line num="36" count="26" type="stmt"/>
      <line num="37" count="26" type="stmt"/>
      <line num="39" count="10" type="stmt"/>
      <line num="40" count="10" type="stmt"/>
      <line num="42" count="1" type="stmt"/>
      <line num="43" count="1" type="stmt"/>
      <line num="45" count="9" type="stmt"/>
      <line num="46" count="9" type="stmt"/>
      <line num="48" count="3" type="stmt"/>
      <line num="49" count="3" type="stmt"/>
      <line num="51" count="23" type="stmt"/>
      <line num="52" count="23" type="stmt"/>
      <line num="54" count="1" type="stmt"/>
      <line num="55" count="1" type="stmt"/>
      <line num="57" count="1" type="stmt"/>
      <line num="58" count="1" type="stmt"/>
      <line num="60" count="1" type="stmt"/>
      <line num="61" count="1" type="stmt"/>
      <line num="63" count="1" type="stmt"/>
      <line num="68" count="1" type="stmt"/>
      <line num="71" count="2" type="cond" truecount="2" falsecount="1"/>
      <line num="73" count="1" type="stmt"/>
      <line num="74" count="1" type="stmt"/>
      <line num="76" count="0" type="stmt"/>
      <line num="77" count="0" type="stmt"/>
      <line num="79" count="1" type="stmt"/>
      <line num="86" count="4" type="stmt"/>
    </file>
    <file name="PlayerStub.js" path="C:\Users\user\Desktop\Software_Engineer_Program_Courses\3rd year\Testing\Assignment 1 part 2\TDD_testing_assigment\src\PlayerStub.js">
      <metrics statements="14" coveredstatements="11" conditionals="0" coveredconditionals="0" methods="5" coveredmethods="3"/>
      <line num="1" count="1" type="stmt"/>
      <line num="2" count="1" type="stmt"/>
      <line num="3" count="1" type="stmt"/>
      <line num="8" count="1" type="stmt"/>
      <line num="9" count="1" type="stmt"/>
      <line num="13" count="0" type="stmt"/>
      <line num="14" count="0" type="stmt"/>
      <line num="18" count="3" type="stmt"/>
      <line num="22" count="0" type="stmt"/>
      <line num="26" count="1" type="stmt"/>
      <line num="27" count="1" type="stmt"/>
      <line num="28" count="1" type="stmt"/>
      <line num="29" count="1" type="stmt"/>
      <line num="33" count="1" type="stmt"/>
    </file>
    <file name="Rank_types.js" path="C:\Users\user\Desktop\Software_Engineer_Program_Courses\3rd year\Testing\Assignment 1 part 2\TDD_testing_assigment\src\Rank_types.js">
      <metrics statements="2" coveredstatements="2" conditionals="0" coveredconditionals="0" methods="0" coveredmethods="0"/>
      <line num="1" count="7" type="stmt"/>
      <line num="17" count="7" type="stmt"/>
    </file>
    <file name="States_types.js" path="C:\Users\user\Desktop\Software_Engineer_Program_Courses\3rd year\Testing\Assignment 1 part 2\TDD_testing_assigment\src\States_types.js">
      <metrics statements="2" coveredstatements="2" conditionals="0" coveredconditionals="0" methods="0" coveredmethods="0"/>
      <line num="1" count="4" type="stmt"/>
      <line num="13" count="4" type="stmt"/>
    </file>
    <file name="Strategy_types.js" path="C:\Users\user\Desktop\Software_Engineer_Program_Courses\3rd year\Testing\Assignment 1 part 2\TDD_testing_assigment\src\Strategy_types.js">
      <metrics statements="2" coveredstatements="2" conditionals="0" coveredconditionals="0" methods="0" coveredmethods="0"/>
      <line num="1" count="4" type="stmt"/>
      <line num="6" count="4" type="stmt"/>
    </file>
    <file name="Suit_types.js" path="C:\Users\user\Desktop\Software_Engineer_Program_Courses\3rd year\Testing\Assignment 1 part 2\TDD_testing_assigment\src\Suit_types.js">
      <metrics statements="2" coveredstatements="2" conditionals="0" coveredconditionals="0" methods="0" coveredmethods="0"/>
      <line num="1" count="7" type="stmt"/>
      <line num="3" count="7" type="stmt"/>
    </file>
  </project>
</coverage>
