<?xml version="1.0" encoding="UTF-8"?>
<coverage generated="1734354574109" clover="3.2.0">
  <project timestamp="1734354574109" name="All files">
    <metrics statements="225" coveredstatements="205" conditionals="85" coveredconditionals="63" methods="42" coveredmethods="41" elements="352" coveredelements="309" complexity="0" loc="225" ncloc="225" packages="1" files="11" classes="11"/>
    <file name="Card.js" path="C:\Users\user\Desktop\Software_Engineer_Program_Courses\3rd year\Testing\Assignment 1 part 2\TDD_testing_assigment\src\Card.js">
      <metrics statements="25" coveredstatements="25" conditionals="6" coveredconditionals="6" methods="7" coveredmethods="7"/>
      <line num="1" count="7" type="stmt"/>
      <line num="2" count="7" type="stmt"/>
      <line num="4" count="2096" type="stmt"/>
      <line num="5" count="2096" type="stmt"/>
      <line num="7" count="2096" type="stmt"/>
      <line num="8" count="2096" type="stmt"/>
      <line num="12" count="1" type="stmt"/>
      <line num="15" count="2106" type="cond" truecount="2" falsecount="0"/>
      <line num="16" count="2105" type="stmt"/>
      <line num="18" count="1" type="stmt"/>
      <line num="23" count="1" type="stmt"/>
      <line num="26" count="2112" type="cond" truecount="2" falsecount="0"/>
      <line num="27" count="2111" type="stmt"/>
      <line num="29" count="1" type="stmt"/>
      <line num="34" count="5101" type="stmt"/>
      <line num="38" count="85" type="stmt"/>
      <line num="42" count="2106" type="stmt"/>
      <line num="46" count="2112" type="stmt"/>
      <line num="50" count="5101" type="cond" truecount="2" falsecount="0"/>
      <line num="53" count="170" type="stmt"/>
      <line num="54" count="170" type="stmt"/>
      <line num="55" count="170" type="stmt"/>
      <line num="56" count="170" type="stmt"/>
      <line num="57" count="170" type="stmt"/>
      <line num="62" count="7" type="stmt"/>
    </file>
    <file name="Dealer.js" path="C:\Users\user\Desktop\Software_Engineer_Program_Courses\3rd year\Testing\Assignment 1 part 2\TDD_testing_assigment\src\Dealer.js">
      <metrics statements="8" coveredstatements="8" conditionals="2" coveredconditionals="2" methods="2" coveredmethods="2"/>
      <line num="1" count="4" type="stmt"/>
      <line num="2" count="4" type="stmt"/>
      <line num="8" count="25" type="stmt"/>
      <line num="9" count="25" type="cond" truecount="2" falsecount="0"/>
      <line num="10" count="1" type="stmt"/>
      <line num="12" count="24" type="stmt"/>
      <line num="16" count="86" type="stmt"/>
      <line num="20" count="4" type="stmt"/>
    </file>
    <file name="Deck.js" path="C:\Users\user\Desktop\Software_Engineer_Program_Courses\3rd year\Testing\Assignment 1 part 2\TDD_testing_assigment\src\Deck.js">
      <metrics statements="6" coveredstatements="5" conditionals="0" coveredconditionals="0" methods="3" coveredmethods="2"/>
      <line num="1" count="5" type="stmt"/>
      <line num="2" count="5" type="stmt"/>
      <line num="3" count="5" type="stmt"/>
      <line num="8" count="0" type="stmt"/>
      <line num="12" count="2085" type="stmt"/>
      <line num="16" count="5" type="stmt"/>
    </file>
    <file name="Game.js" path="C:\Users\user\Desktop\Software_Engineer_Program_Courses\3rd year\Testing\Assignment 1 part 2\TDD_testing_assigment\src\Game.js">
      <metrics statements="112" coveredstatements="95" conditionals="52" coveredconditionals="31" methods="14" coveredmethods="14"/>
      <line num="1" count="4" type="stmt"/>
      <line num="2" count="4" type="stmt"/>
      <line num="3" count="4" type="stmt"/>
      <line num="4" count="4" type="stmt"/>
      <line num="5" count="4" type="stmt"/>
      <line num="9" count="22" type="stmt"/>
      <line num="11" count="22" type="cond" truecount="2" falsecount="0"/>
      <line num="12" count="1" type="stmt"/>
      <line num="14" count="21" type="stmt"/>
      <line num="18" count="2" type="stmt"/>
      <line num="21" count="19" type="cond" truecount="4" falsecount="0"/>
      <line num="22" count="2" type="stmt"/>
      <line num="24" count="17" type="stmt"/>
      <line num="25" count="18" type="stmt"/>
      <line num="26" count="18" type="stmt"/>
      <line num="27" count="18" type="stmt"/>
      <line num="28" count="18" type="stmt"/>
      <line num="29" count="18" type="stmt"/>
      <line num="38" count="16" type="stmt"/>
      <line num="39" count="16" type="cond" truecount="1" falsecount="1"/>
      <line num="40" count="16" type="stmt"/>
      <line num="41" count="16" type="stmt"/>
      <line num="42" count="16" type="stmt"/>
      <line num="43" count="16" type="cond" truecount="3" falsecount="1"/>
      <line num="45" count="0" type="stmt"/>
      <line num="46" count="0" type="cond" truecount="0" falsecount="2"/>
      <line num="48" count="16" type="cond" truecount="1" falsecount="1"/>
      <line num="49" count="0" type="stmt"/>
      <line num="50" count="0" type="stmt"/>
      <line num="51" count="0" type="stmt"/>
      <line num="52" count="0" type="stmt"/>
      <line num="54" count="16" type="stmt"/>
      <line num="55" count="16" type="stmt"/>
      <line num="60" count="16" type="stmt"/>
      <line num="61" count="16" type="stmt"/>
      <line num="68" count="16" type="stmt"/>
      <line num="69" count="16" type="stmt"/>
      <line num="70" count="16" type="stmt"/>
      <line num="71" count="16" type="stmt"/>
      <line num="72" count="16" type="stmt"/>
      <line num="73" count="16" type="stmt"/>
      <line num="78" count="16" type="stmt"/>
      <line num="79" count="16" type="stmt"/>
      <line num="80" count="17" type="stmt"/>
      <line num="81" count="17" type="stmt"/>
      <line num="83" count="17" type="cond" truecount="1" falsecount="1"/>
      <line num="84" count="17" type="cond" truecount="2" falsecount="0"/>
      <line num="85" count="10" type="stmt"/>
      <line num="86" count="10" type="stmt"/>
      <line num="89" count="0" type="stmt"/>
      <line num="90" count="0" type="stmt"/>
      <line num="91" count="0" type="cond" truecount="0" falsecount="3"/>
      <line num="92" count="0" type="stmt"/>
      <line num="96" count="17" type="cond" truecount="2" falsecount="0"/>
      <line num="97" count="10" type="stmt"/>
      <line num="98" count="10" type="stmt"/>
      <line num="99" count="10" type="stmt"/>
      <line num="101" count="7" type="stmt"/>
      <line num="104" count="16" type="stmt"/>
      <line num="107" count="16" type="stmt"/>
      <line num="108" count="16" type="stmt"/>
      <line num="109" count="16" type="stmt"/>
      <line num="110" count="16" type="stmt"/>
      <line num="111" count="16" type="stmt"/>
      <line num="116" count="16" type="cond" truecount="1" falsecount="1"/>
      <line num="117" count="0" type="stmt"/>
      <line num="118" count="0" type="cond" truecount="0" falsecount="2"/>
      <line num="119" count="0" type="stmt"/>
      <line num="121" count="0" type="stmt"/>
      <line num="124" count="0" type="cond" truecount="0" falsecount="4"/>
      <line num="125" count="0" type="stmt"/>
      <line num="127" count="0" type="stmt"/>
      <line num="131" count="16" type="stmt"/>
      <line num="132" count="32" type="stmt"/>
      <line num="133" count="32" type="stmt"/>
      <line num="134" count="32" type="stmt"/>
      <line num="135" count="32" type="cond" truecount="1" falsecount="1"/>
      <line num="136" count="32" type="stmt"/>
      <line num="143" count="16" type="stmt"/>
      <line num="144" count="32" type="stmt"/>
      <line num="145" count="32" type="stmt"/>
      <line num="146" count="32" type="stmt"/>
      <line num="151" count="16" type="stmt"/>
      <line num="152" count="10" type="stmt"/>
      <line num="153" count="10" type="stmt"/>
      <line num="154" count="10" type="stmt"/>
      <line num="159" count="16" type="stmt"/>
      <line num="160" count="16" type="stmt"/>
      <line num="161" count="16" type="cond" truecount="5" falsecount="0"/>
      <line num="162" count="1" type="stmt"/>
      <line num="163" count="1" type="stmt"/>
      <line num="165" count="15" type="stmt"/>
      <line num="168" count="16" type="stmt"/>
      <line num="172" count="32" type="cond" truecount="2" falsecount="0"/>
      <line num="173" count="10" type="cond" truecount="2" falsecount="0"/>
      <line num="174" count="3" type="stmt"/>
      <line num="175" count="3" type="stmt"/>
      <line num="177" count="7" type="stmt"/>
      <line num="178" count="7" type="stmt"/>
      <line num="181" count="22" type="cond" truecount="2" falsecount="0"/>
      <line num="182" count="13" type="stmt"/>
      <line num="183" count="13" type="stmt"/>
      <line num="185" count="9" type="stmt"/>
      <line num="186" count="9" type="stmt"/>
      <line num="193" count="16" type="cond" truecount="2" falsecount="0"/>
      <line num="194" count="15" type="stmt"/>
      <line num="195" count="15" type="stmt"/>
      <line num="197" count="1" type="stmt"/>
      <line num="199" count="1" type="stmt"/>
      <line num="200" count="1" type="stmt"/>
      <line num="201" count="1" type="stmt"/>
      <line num="205" count="4" type="stmt"/>
    </file>
    <file name="GameStub.js" path="C:\Users\user\Desktop\Software_Engineer_Program_Courses\3rd year\Testing\Assignment 1 part 2\TDD_testing_assigment\src\GameStub.js">
      <metrics statements="4" coveredstatements="4" conditionals="0" coveredconditionals="0" methods="2" coveredmethods="2"/>
      <line num="1" count="3" type="stmt"/>
      <line num="4" count="19" type="stmt"/>
      <line num="7" count="26" type="stmt"/>
      <line num="11" count="3" type="stmt"/>
    </file>
    <file name="Hand.js" path="C:\Users\user\Desktop\Software_Engineer_Program_Courses\3rd year\Testing\Assignment 1 part 2\TDD_testing_assigment\src\Hand.js">
      <metrics statements="19" coveredstatements="19" conditionals="10" coveredconditionals="10" methods="5" coveredmethods="5"/>
      <line num="2" count="56" type="stmt"/>
      <line num="3" count="56" type="stmt"/>
      <line num="8" count="6" type="cond" truecount="2" falsecount="0"/>
      <line num="12" count="97" type="stmt"/>
      <line num="13" count="97" type="stmt"/>
      <line num="14" count="179" type="cond" truecount="2" falsecount="0"/>
      <line num="15" count="13" type="stmt"/>
      <line num="17" count="166" type="stmt"/>
      <line num="20" count="97" type="stmt"/>
      <line num="24" count="3" type="stmt"/>
      <line num="28" count="177" type="stmt"/>
      <line num="29" count="177" type="stmt"/>
      <line num="30" count="434" type="cond" truecount="2" falsecount="0"/>
      <line num="31" count="22" type="stmt"/>
      <line num="33" count="412" type="stmt"/>
      <line num="36" count="177" type="cond" truecount="4" falsecount="0"/>
      <line num="37" count="2" type="stmt"/>
      <line num="39" count="177" type="stmt"/>
      <line num="43" count="5" type="stmt"/>
    </file>
    <file name="Player.js" path="C:\Users\user\Desktop\Software_Engineer_Program_Courses\3rd year\Testing\Assignment 1 part 2\TDD_testing_assigment\src\Player.js">
      <metrics statements="43" coveredstatements="41" conditionals="15" coveredconditionals="14" methods="9" coveredmethods="9"/>
      <line num="1" count="4" type="stmt"/>
      <line num="2" count="4" type="stmt"/>
      <line num="3" count="4" type="stmt"/>
      <line num="7" count="49" type="stmt"/>
      <line num="13" count="49" type="stmt"/>
      <line num="14" count="49" type="cond" truecount="2" falsecount="0"/>
      <line num="15" count="1" type="stmt"/>
      <line num="17" count="48" type="stmt"/>
      <line num="18" count="48" type="stmt"/>
      <line num="19" count="48" type="stmt"/>
      <line num="22" count="19" type="stmt"/>
      <line num="25" count="19" type="stmt"/>
      <line num="28" count="1" type="stmt"/>
      <line num="31" count="264" type="stmt"/>
      <line num="34" count="71" type="stmt"/>
      <line num="38" count="76" type="cond" truecount="10" falsecount="0"/>
      <line num="40" count="32" type="stmt"/>
      <line num="41" count="32" type="stmt"/>
      <line num="43" count="4" type="stmt"/>
      <line num="44" count="4" type="stmt"/>
      <line num="46" count="1" type="stmt"/>
      <line num="47" count="1" type="stmt"/>
      <line num="49" count="10" type="stmt"/>
      <line num="50" count="10" type="stmt"/>
      <line num="52" count="2" type="stmt"/>
      <line num="53" count="2" type="stmt"/>
      <line num="55" count="23" type="stmt"/>
      <line num="56" count="23" type="stmt"/>
      <line num="58" count="1" type="stmt"/>
      <line num="59" count="1" type="stmt"/>
      <line num="61" count="1" type="stmt"/>
      <line num="62" count="1" type="stmt"/>
      <line num="64" count="1" type="stmt"/>
      <line num="65" count="1" type="stmt"/>
      <line num="67" count="1" type="stmt"/>
      <line num="72" count="1" type="stmt"/>
      <line num="75" count="2" type="cond" truecount="2" falsecount="1"/>
      <line num="77" count="1" type="stmt"/>
      <line num="78" count="1" type="stmt"/>
      <line num="80" count="0" type="stmt"/>
      <line num="81" count="0" type="stmt"/>
      <line num="83" count="1" type="stmt"/>
      <line num="90" count="4" type="stmt"/>
    </file>
    <file name="Rank_types.js" path="C:\Users\user\Desktop\Software_Engineer_Program_Courses\3rd year\Testing\Assignment 1 part 2\TDD_testing_assigment\src\Rank_types.js">
      <metrics statements="2" coveredstatements="2" conditionals="0" coveredconditionals="0" methods="0" coveredmethods="0"/>
      <line num="1" count="7" type="stmt"/>
      <line num="17" count="7" type="stmt"/>
    </file>
    <file name="States_types.js" path="C:\Users\user\Desktop\Software_Engineer_Program_Courses\3rd year\Testing\Assignment 1 part 2\TDD_testing_assigment\src\States_types.js">
      <metrics statements="2" coveredstatements="2" conditionals="0" coveredconditionals="0" methods="0" coveredmethods="0"/>
      <line num="1" count="4" type="stmt"/>
      <line num="13" count="4" type="stmt"/>
    </file>
    <file name="Strategy_types.js" path="C:\Users\user\Desktop\Software_Engineer_Program_Courses\3rd year\Testing\Assignment 1 part 2\TDD_testing_assigment\src\Strategy_types.js">
      <metrics statements="2" coveredstatements="2" conditionals="0" coveredconditionals="0" methods="0" coveredmethods="0"/>
      <line num="1" count="4" type="stmt"/>
      <line num="6" count="4" type="stmt"/>
    </file>
    <file name="Suit_types.js" path="C:\Users\user\Desktop\Software_Engineer_Program_Courses\3rd year\Testing\Assignment 1 part 2\TDD_testing_assigment\src\Suit_types.js">
      <metrics statements="2" coveredstatements="2" conditionals="0" coveredconditionals="0" methods="0" coveredmethods="0"/>
      <line num="1" count="7" type="stmt"/>
      <line num="3" count="7" type="stmt"/>
    </file>
  </project>
</coverage>
