{"C:\\Users\\user\\Desktop\\Software_Engineer_Program_Courses\\3rd year\\Testing\\Assignment 1 part 2\\TDD_testing_assigment\\src\\Card.js": {"path":"C:\\Users\\user\\Desktop\\Software_Engineer_Program_Courses\\3rd year\\Testing\\Assignment 1 part 2\\TDD_testing_assigment\\src\\Card.js","statementMap":{"0":{"start":{"line":1,"column":19},"end":{"line":1,"column":42}},"1":{"start":{"line":2,"column":19},"end":{"line":2,"column":42}},"2":{"start":{"line":4,"column":12},"end":{"line":4,"column":14}},"3":{"start":{"line":5,"column":12},"end":{"line":5,"column":14}},"4":{"start":{"line":7,"column":4},"end":{"line":7,"column":75}},"5":{"start":{"line":8,"column":4},"end":{"line":8,"column":75}},"6":{"start":{"line":12,"column":8},"end":{"line":12,"column":26}},"7":{"start":{"line":15,"column":8},"end":{"line":19,"column":9}},"8":{"start":{"line":16,"column":12},"end":{"line":16,"column":44}},"9":{"start":{"line":18,"column":12},"end":{"line":18,"column":50}},"10":{"start":{"line":23,"column":8},"end":{"line":23,"column":26}},"11":{"start":{"line":26,"column":8},"end":{"line":30,"column":9}},"12":{"start":{"line":27,"column":12},"end":{"line":27,"column":44}},"13":{"start":{"line":29,"column":12},"end":{"line":29,"column":50}},"14":{"start":{"line":34,"column":8},"end":{"line":34,"column":48}},"15":{"start":{"line":38,"column":8},"end":{"line":38,"column":100}},"16":{"start":{"line":42,"column":8},"end":{"line":42,"column":62}},"17":{"start":{"line":46,"column":8},"end":{"line":46,"column":62}},"18":{"start":{"line":50,"column":8},"end":{"line":50,"column":88}},"19":{"start":{"line":53,"column":28},"end":{"line":53,"column":42}},"20":{"start":{"line":54,"column":31},"end":{"line":54,"column":56}},"21":{"start":{"line":55,"column":33},"end":{"line":55,"column":46}},"22":{"start":{"line":56,"column":32},"end":{"line":56,"column":65}},"23":{"start":{"line":57,"column":8},"end":{"line":57,"column":31}},"24":{"start":{"line":62,"column":0},"end":{"line":62,"column":22}}},"fnMap":{"0":{"name":"(anonymous_0)","decl":{"start":{"line":6,"column":4},"end":{"line":6,"column":5}},"loc":{"start":{"line":6,"column":18},"end":{"line":9,"column":5}},"line":6},"1":{"name":"(anonymous_1)","decl":{"start":{"line":11,"column":4},"end":{"line":11,"column":5}},"loc":{"start":{"line":11,"column":14},"end":{"line":13,"column":5}},"line":11},"2":{"name":"(anonymous_2)","decl":{"start":{"line":14,"column":4},"end":{"line":14,"column":5}},"loc":{"start":{"line":14,"column":18},"end":{"line":20,"column":5}},"line":14},"3":{"name":"(anonymous_3)","decl":{"start":{"line":22,"column":4},"end":{"line":22,"column":5}},"loc":{"start":{"line":22,"column":14},"end":{"line":24,"column":5}},"line":22},"4":{"name":"(anonymous_4)","decl":{"start":{"line":25,"column":4},"end":{"line":25,"column":5}},"loc":{"start":{"line":25,"column":18},"end":{"line":31,"column":5}},"line":25},"5":{"name":"(anonymous_5)","decl":{"start":{"line":33,"column":4},"end":{"line":33,"column":5}},"loc":{"start":{"line":33,"column":15},"end":{"line":35,"column":5}},"line":33},"6":{"name":"(anonymous_6)","decl":{"start":{"line":37,"column":4},"end":{"line":37,"column":5}},"loc":{"start":{"line":37,"column":30},"end":{"line":39,"column":5}},"line":37}},"branchMap":{"0":{"loc":{"start":{"line":15,"column":8},"end":{"line":19,"column":9}},"type":"if","locations":[{"start":{"line":15,"column":8},"end":{"line":19,"column":9}},{"start":{"line":17,"column":15},"end":{"line":19,"column":9}}],"line":15},"1":{"loc":{"start":{"line":26,"column":8},"end":{"line":30,"column":9}},"type":"if","locations":[{"start":{"line":26,"column":8},"end":{"line":30,"column":9}},{"start":{"line":28,"column":15},"end":{"line":30,"column":9}}],"line":26},"2":{"loc":{"start":{"line":50,"column":15},"end":{"line":50,"column":86}},"type":"cond-expr","locations":[{"start":{"line":50,"column":53},"end":{"line":50,"column":81}},{"start":{"line":50,"column":84},"end":{"line":50,"column":86}}],"line":50}},"s":{"0":7,"1":7,"2":2100,"3":2100,"4":2100,"5":2100,"6":1,"7":2111,"8":2110,"9":1,"10":1,"11":2117,"12":2116,"13":1,"14":5113,"15":88,"16":2111,"17":2117,"18":5113,"19":176,"20":176,"21":176,"22":176,"23":176,"24":7},"f":{"0":2100,"1":1,"2":2111,"3":1,"4":2117,"5":5113,"6":88},"b":{"0":[2110,1],"1":[2116,1],"2":[4048,1065]},"_coverageSchema":"1a1c01bbd47fc00a2c39e90264f33305004495a9","hash":"0fca966f9596ab9650796e21df53ef511a45c58a"}
,"C:\\Users\\user\\Desktop\\Software_Engineer_Program_Courses\\3rd year\\Testing\\Assignment 1 part 2\\TDD_testing_assigment\\src\\Dealer.js": {"path":"C:\\Users\\user\\Desktop\\Software_Engineer_Program_Courses\\3rd year\\Testing\\Assignment 1 part 2\\TDD_testing_assigment\\src\\Dealer.js","statementMap":{"0":{"start":{"line":1,"column":15},"end":{"line":1,"column":34}},"1":{"start":{"line":2,"column":13},"end":{"line":2,"column":30}},"2":{"start":{"line":8,"column":8},"end":{"line":8,"column":16}},"3":{"start":{"line":9,"column":8},"end":{"line":9,"column":32}},"4":{"start":{"line":13,"column":8},"end":{"line":13,"column":26}},"5":{"start":{"line":17,"column":0},"end":{"line":17,"column":24}}},"fnMap":{"0":{"name":"(anonymous_0)","decl":{"start":{"line":7,"column":4},"end":{"line":7,"column":5}},"loc":{"start":{"line":7,"column":18},"end":{"line":10,"column":5}},"line":7},"1":{"name":"(anonymous_1)","decl":{"start":{"line":12,"column":4},"end":{"line":12,"column":5}},"loc":{"start":{"line":12,"column":14},"end":{"line":14,"column":5}},"line":12}},"branchMap":{},"s":{"0":4,"1":4,"2":24,"3":24,"4":89,"5":4},"f":{"0":24,"1":89},"b":{},"_coverageSchema":"1a1c01bbd47fc00a2c39e90264f33305004495a9","hash":"9c00dd4dbcea47537a28c017c8174c02998de536"}
,"C:\\Users\\user\\Desktop\\Software_Engineer_Program_Courses\\3rd year\\Testing\\Assignment 1 part 2\\TDD_testing_assigment\\src\\Deck.js": {"path":"C:\\Users\\user\\Desktop\\Software_Engineer_Program_Courses\\3rd year\\Testing\\Assignment 1 part 2\\TDD_testing_assigment\\src\\Deck.js","statementMap":{"0":{"start":{"line":1,"column":19},"end":{"line":1,"column":42}},"1":{"start":{"line":2,"column":19},"end":{"line":2,"column":42}},"2":{"start":{"line":3,"column":13},"end":{"line":3,"column":30}},"3":{"start":{"line":8,"column":4},"end":{"line":8,"column":30}},"4":{"start":{"line":12,"column":4},"end":{"line":12,"column":22}},"5":{"start":{"line":16,"column":2},"end":{"line":16,"column":24}}},"fnMap":{"0":{"name":"(anonymous_0)","decl":{"start":{"line":5,"column":4},"end":{"line":5,"column":5}},"loc":{"start":{"line":5,"column":18},"end":{"line":6,"column":3}},"line":5},"1":{"name":"(anonymous_1)","decl":{"start":{"line":7,"column":2},"end":{"line":7,"column":3}},"loc":{"start":{"line":7,"column":21},"end":{"line":9,"column":3}},"line":7},"2":{"name":"(anonymous_2)","decl":{"start":{"line":11,"column":2},"end":{"line":11,"column":3}},"loc":{"start":{"line":11,"column":14},"end":{"line":13,"column":3}},"line":11}},"branchMap":{},"s":{"0":5,"1":5,"2":5,"3":0,"4":2088,"5":5},"f":{"0":27,"1":0,"2":2088},"b":{},"_coverageSchema":"1a1c01bbd47fc00a2c39e90264f33305004495a9","hash":"b9bf03fd26437f0d64f5ea8f843e9e9c76656cd6"}
,"C:\\Users\\user\\Desktop\\Software_Engineer_Program_Courses\\3rd year\\Testing\\Assignment 1 part 2\\TDD_testing_assigment\\src\\Game.js": {"path":"C:\\Users\\user\\Desktop\\Software_Engineer_Program_Courses\\3rd year\\Testing\\Assignment 1 part 2\\TDD_testing_assigment\\src\\Game.js","statementMap":{"0":{"start":{"line":1,"column":15},"end":{"line":1,"column":39}},"1":{"start":{"line":2,"column":15},"end":{"line":2,"column":39}},"2":{"start":{"line":3,"column":15},"end":{"line":3,"column":54}},"3":{"start":{"line":4,"column":15},"end":{"line":4,"column":45}},"4":{"start":{"line":8,"column":13},"end":{"line":8,"column":15}},"5":{"start":{"line":10,"column":6},"end":{"line":10,"column":34}},"6":{"start":{"line":14,"column":6},"end":{"line":14,"column":26}},"7":{"start":{"line":17,"column":6},"end":{"line":19,"column":7}},"8":{"start":{"line":18,"column":8},"end":{"line":18,"column":52}},"9":{"start":{"line":20,"column":6},"end":{"line":25,"column":7}},"10":{"start":{"line":20,"column":19},"end":{"line":20,"column":20}},"11":{"start":{"line":21,"column":23},"end":{"line":21,"column":35}},"12":{"start":{"line":22,"column":8},"end":{"line":22,"column":37}},"13":{"start":{"line":23,"column":8},"end":{"line":23,"column":39}},"14":{"start":{"line":24,"column":8},"end":{"line":24,"column":35}},"15":{"start":{"line":33,"column":14},"end":{"line":33,"column":16}},"16":{"start":{"line":34,"column":6},"end":{"line":34,"column":29}},"17":{"start":{"line":35,"column":6},"end":{"line":59,"column":7}},"18":{"start":{"line":36,"column":28},"end":{"line":36,"column":90}},"19":{"start":{"line":37,"column":8},"end":{"line":37,"column":40}},"20":{"start":{"line":38,"column":8},"end":{"line":58,"column":9}},"21":{"start":{"line":40,"column":12},"end":{"line":40,"column":56}},"22":{"start":{"line":41,"column":12},"end":{"line":41,"column":33}},"23":{"start":{"line":41,"column":27},"end":{"line":41,"column":33}},"24":{"start":{"line":43,"column":12},"end":{"line":51,"column":13}},"25":{"start":{"line":44,"column":14},"end":{"line":44,"column":30}},"26":{"start":{"line":45,"column":14},"end":{"line":45,"column":20}},"27":{"start":{"line":46,"column":14},"end":{"line":46,"column":31}},"28":{"start":{"line":47,"column":14},"end":{"line":47,"column":42}},"29":{"start":{"line":49,"column":14},"end":{"line":49,"column":39}},"30":{"start":{"line":50,"column":14},"end":{"line":50,"column":22}},"31":{"start":{"line":55,"column":12},"end":{"line":55,"column":67}},"32":{"start":{"line":56,"column":12},"end":{"line":56,"column":20}},"33":{"start":{"line":63,"column":19},"end":{"line":63,"column":52}},"34":{"start":{"line":64,"column":6},"end":{"line":64,"column":56}},"35":{"start":{"line":65,"column":6},"end":{"line":65,"column":32}},"36":{"start":{"line":66,"column":6},"end":{"line":66,"column":33}},"37":{"start":{"line":67,"column":6},"end":{"line":67,"column":40}},"38":{"start":{"line":68,"column":6},"end":{"line":68,"column":27}},"39":{"start":{"line":73,"column":4},"end":{"line":100,"column":5}},"40":{"start":{"line":73,"column":17},"end":{"line":73,"column":18}},"41":{"start":{"line":74,"column":8},"end":{"line":98,"column":7}},"42":{"start":{"line":75,"column":10},"end":{"line":75,"column":50}},"43":{"start":{"line":76,"column":10},"end":{"line":76,"column":80}},"44":{"start":{"line":78,"column":10},"end":{"line":89,"column":11}},"45":{"start":{"line":79,"column":12},"end":{"line":82,"column":13}},"46":{"start":{"line":80,"column":14},"end":{"line":80,"column":44}},"47":{"start":{"line":81,"column":14},"end":{"line":81,"column":25}},"48":{"start":{"line":84,"column":12},"end":{"line":84,"column":42}},"49":{"start":{"line":85,"column":12},"end":{"line":85,"column":44}},"50":{"start":{"line":86,"column":12},"end":{"line":88,"column":13}},"51":{"start":{"line":87,"column":14},"end":{"line":87,"column":85}},"52":{"start":{"line":91,"column":10},"end":{"line":97,"column":11}},"53":{"start":{"line":92,"column":25},"end":{"line":92,"column":59}},"54":{"start":{"line":93,"column":12},"end":{"line":93,"column":84}},"55":{"start":{"line":94,"column":12},"end":{"line":94,"column":53}},"56":{"start":{"line":96,"column":12},"end":{"line":96,"column":18}},"57":{"start":{"line":99,"column":6},"end":{"line":99,"column":40}},"58":{"start":{"line":102,"column":4},"end":{"line":102,"column":40}},"59":{"start":{"line":103,"column":4},"end":{"line":103,"column":42}},"60":{"start":{"line":104,"column":4},"end":{"line":104,"column":34}},"61":{"start":{"line":105,"column":20},"end":{"line":105,"column":64}},"62":{"start":{"line":106,"column":4},"end":{"line":106,"column":28}},"63":{"start":{"line":111,"column":6},"end":{"line":111,"column":30}},"64":{"start":{"line":111,"column":21},"end":{"line":111,"column":30}},"65":{"start":{"line":112,"column":6},"end":{"line":118,"column":7}},"66":{"start":{"line":113,"column":8},"end":{"line":117,"column":9}},"67":{"start":{"line":114,"column":10},"end":{"line":114,"column":21}},"68":{"start":{"line":116,"column":12},"end":{"line":116,"column":72}},"69":{"start":{"line":119,"column":6},"end":{"line":121,"column":7}},"70":{"start":{"line":120,"column":8},"end":{"line":120,"column":52}},"71":{"start":{"line":122,"column":6},"end":{"line":122,"column":20}},"72":{"start":{"line":126,"column":6},"end":{"line":134,"column":7}},"73":{"start":{"line":126,"column":19},"end":{"line":126,"column":20}},"74":{"start":{"line":127,"column":8},"end":{"line":133,"column":9}},"75":{"start":{"line":127,"column":21},"end":{"line":127,"column":22}},"76":{"start":{"line":128,"column":23},"end":{"line":128,"column":57}},"77":{"start":{"line":129,"column":10},"end":{"line":129,"column":82}},"78":{"start":{"line":130,"column":10},"end":{"line":132,"column":11}},"79":{"start":{"line":131,"column":12},"end":{"line":131,"column":53}},"80":{"start":{"line":138,"column":6},"end":{"line":142,"column":7}},"81":{"start":{"line":138,"column":19},"end":{"line":138,"column":20}},"82":{"start":{"line":139,"column":21},"end":{"line":139,"column":55}},"83":{"start":{"line":140,"column":8},"end":{"line":140,"column":75}},"84":{"start":{"line":141,"column":8},"end":{"line":141,"column":45}},"85":{"start":{"line":146,"column":4},"end":{"line":150,"column":5}},"86":{"start":{"line":147,"column":19},"end":{"line":147,"column":47}},"87":{"start":{"line":148,"column":6},"end":{"line":148,"column":73}},"88":{"start":{"line":149,"column":6},"end":{"line":149,"column":37}},"89":{"start":{"line":154,"column":20},"end":{"line":154,"column":22}},"90":{"start":{"line":155,"column":4},"end":{"line":162,"column":5}},"91":{"start":{"line":155,"column":17},"end":{"line":155,"column":18}},"92":{"start":{"line":156,"column":6},"end":{"line":161,"column":7}},"93":{"start":{"line":157,"column":8},"end":{"line":157,"column":39}},"94":{"start":{"line":158,"column":8},"end":{"line":158,"column":33}},"95":{"start":{"line":160,"column":8},"end":{"line":160,"column":40}},"96":{"start":{"line":163,"column":4},"end":{"line":163,"column":19}},"97":{"start":{"line":167,"column":4},"end":{"line":183,"column":5}},"98":{"start":{"line":168,"column":6},"end":{"line":174,"column":7}},"99":{"start":{"line":169,"column":8},"end":{"line":169,"column":47}},"100":{"start":{"line":170,"column":8},"end":{"line":170,"column":38}},"101":{"start":{"line":172,"column":8},"end":{"line":172,"column":61}},"102":{"start":{"line":173,"column":8},"end":{"line":173,"column":36}},"103":{"start":{"line":176,"column":6},"end":{"line":182,"column":7}},"104":{"start":{"line":177,"column":8},"end":{"line":177,"column":79}},"105":{"start":{"line":178,"column":8},"end":{"line":178,"column":39}},"106":{"start":{"line":180,"column":8},"end":{"line":180,"column":68}},"107":{"start":{"line":181,"column":8},"end":{"line":181,"column":37}},"108":{"start":{"line":188,"column":4},"end":{"line":193,"column":5}},"109":{"start":{"line":189,"column":6},"end":{"line":189,"column":51}},"110":{"start":{"line":190,"column":6},"end":{"line":190,"column":13}},"111":{"start":{"line":192,"column":6},"end":{"line":192,"column":63}},"112":{"start":{"line":194,"column":4},"end":{"line":197,"column":5}},"113":{"start":{"line":194,"column":17},"end":{"line":194,"column":18}},"114":{"start":{"line":195,"column":19},"end":{"line":195,"column":38}},"115":{"start":{"line":196,"column":6},"end":{"line":196,"column":43}},"116":{"start":{"line":200,"column":0},"end":{"line":200,"column":22}}},"fnMap":{"0":{"name":"(anonymous_0)","decl":{"start":{"line":9,"column":4},"end":{"line":9,"column":5}},"loc":{"start":{"line":9,"column":18},"end":{"line":11,"column":5}},"line":9},"1":{"name":"(anonymous_1)","decl":{"start":{"line":13,"column":4},"end":{"line":13,"column":5}},"loc":{"start":{"line":13,"column":16},"end":{"line":15,"column":5}},"line":13},"2":{"name":"(anonymous_2)","decl":{"start":{"line":16,"column":4},"end":{"line":16,"column":5}},"loc":{"start":{"line":16,"column":25},"end":{"line":26,"column":5}},"line":16},"3":{"name":"(anonymous_3)","decl":{"start":{"line":28,"column":4},"end":{"line":28,"column":5}},"loc":{"start":{"line":28,"column":26},"end":{"line":30,"column":5}},"line":28},"4":{"name":"(anonymous_4)","decl":{"start":{"line":32,"column":4},"end":{"line":32,"column":5}},"loc":{"start":{"line":32,"column":29},"end":{"line":60,"column":5}},"line":32},"5":{"name":"(anonymous_5)","decl":{"start":{"line":62,"column":4},"end":{"line":62,"column":5}},"loc":{"start":{"line":62,"column":32},"end":{"line":69,"column":5}},"line":62},"6":{"name":"(anonymous_6)","decl":{"start":{"line":71,"column":4},"end":{"line":71,"column":5}},"loc":{"start":{"line":71,"column":28},"end":{"line":107,"column":3}},"line":71},"7":{"name":"(anonymous_7)","decl":{"start":{"line":109,"column":4},"end":{"line":109,"column":5}},"loc":{"start":{"line":109,"column":41},"end":{"line":123,"column":5}},"line":109},"8":{"name":"(anonymous_8)","decl":{"start":{"line":125,"column":4},"end":{"line":125,"column":5}},"loc":{"start":{"line":125,"column":26},"end":{"line":135,"column":5}},"line":125},"9":{"name":"(anonymous_9)","decl":{"start":{"line":137,"column":4},"end":{"line":137,"column":5}},"loc":{"start":{"line":137,"column":33},"end":{"line":143,"column":5}},"line":137},"10":{"name":"(anonymous_10)","decl":{"start":{"line":145,"column":2},"end":{"line":145,"column":3}},"loc":{"start":{"line":145,"column":29},"end":{"line":151,"column":3}},"line":145},"11":{"name":"(anonymous_11)","decl":{"start":{"line":153,"column":2},"end":{"line":153,"column":3}},"loc":{"start":{"line":153,"column":30},"end":{"line":164,"column":3}},"line":153},"12":{"name":"(anonymous_12)","decl":{"start":{"line":166,"column":2},"end":{"line":166,"column":3}},"loc":{"start":{"line":166,"column":22},"end":{"line":184,"column":3}},"line":166},"13":{"name":"(anonymous_13)","decl":{"start":{"line":187,"column":2},"end":{"line":187,"column":3}},"loc":{"start":{"line":187,"column":20},"end":{"line":198,"column":3}},"line":187}},"branchMap":{"0":{"loc":{"start":{"line":17,"column":6},"end":{"line":19,"column":7}},"type":"if","locations":[{"start":{"line":17,"column":6},"end":{"line":19,"column":7}},{"start":{},"end":{}}],"line":17},"1":{"loc":{"start":{"line":17,"column":10},"end":{"line":17,"column":34}},"type":"binary-expr","locations":[{"start":{"line":17,"column":10},"end":{"line":17,"column":20}},{"start":{"line":17,"column":24},"end":{"line":17,"column":34}}],"line":17},"2":{"loc":{"start":{"line":32,"column":10},"end":{"line":32,"column":27}},"type":"default-arg","locations":[{"start":{"line":32,"column":22},"end":{"line":32,"column":27}}],"line":32},"3":{"loc":{"start":{"line":34,"column":10},"end":{"line":34,"column":28}},"type":"cond-expr","locations":[{"start":{"line":34,"column":22},"end":{"line":34,"column":25}},{"start":{"line":34,"column":27},"end":{"line":34,"column":28}}],"line":34},"4":{"loc":{"start":{"line":38,"column":8},"end":{"line":58,"column":9}},"type":"switch","locations":[{"start":{"line":39,"column":10},"end":{"line":41,"column":33}},{"start":{"line":42,"column":10},"end":{"line":51,"column":13}},{"start":{"line":52,"column":10},"end":{"line":52,"column":19}},{"start":{"line":54,"column":10},"end":{"line":56,"column":20}}],"line":38},"5":{"loc":{"start":{"line":41,"column":12},"end":{"line":41,"column":33}},"type":"if","locations":[{"start":{"line":41,"column":12},"end":{"line":41,"column":33}},{"start":{},"end":{}}],"line":41},"6":{"loc":{"start":{"line":43,"column":12},"end":{"line":51,"column":13}},"type":"if","locations":[{"start":{"line":43,"column":12},"end":{"line":51,"column":13}},{"start":{"line":48,"column":19},"end":{"line":51,"column":13}}],"line":43},"7":{"loc":{"start":{"line":62,"column":13},"end":{"line":62,"column":30}},"type":"default-arg","locations":[{"start":{"line":62,"column":25},"end":{"line":62,"column":30}}],"line":62},"8":{"loc":{"start":{"line":71,"column":9},"end":{"line":71,"column":26}},"type":"default-arg","locations":[{"start":{"line":71,"column":21},"end":{"line":71,"column":26}}],"line":71},"9":{"loc":{"start":{"line":78,"column":10},"end":{"line":89,"column":11}},"type":"if","locations":[{"start":{"line":78,"column":10},"end":{"line":89,"column":11}},{"start":{"line":83,"column":17},"end":{"line":89,"column":11}}],"line":78},"10":{"loc":{"start":{"line":79,"column":12},"end":{"line":82,"column":13}},"type":"if","locations":[{"start":{"line":79,"column":12},"end":{"line":82,"column":13}},{"start":{},"end":{}}],"line":79},"11":{"loc":{"start":{"line":86,"column":19},"end":{"line":86,"column":87}},"type":"binary-expr","locations":[{"start":{"line":86,"column":19},"end":{"line":86,"column":53}},{"start":{"line":86,"column":58},"end":{"line":86,"column":70}},{"start":{"line":86,"column":74},"end":{"line":86,"column":86}}],"line":86},"12":{"loc":{"start":{"line":91,"column":10},"end":{"line":97,"column":11}},"type":"if","locations":[{"start":{"line":91,"column":10},"end":{"line":97,"column":11}},{"start":{"line":95,"column":17},"end":{"line":97,"column":11}}],"line":91},"13":{"loc":{"start":{"line":109,"column":22},"end":{"line":109,"column":39}},"type":"default-arg","locations":[{"start":{"line":109,"column":34},"end":{"line":109,"column":39}}],"line":109},"14":{"loc":{"start":{"line":111,"column":6},"end":{"line":111,"column":30}},"type":"if","locations":[{"start":{"line":111,"column":6},"end":{"line":111,"column":30}},{"start":{},"end":{}}],"line":111},"15":{"loc":{"start":{"line":113,"column":8},"end":{"line":117,"column":9}},"type":"if","locations":[{"start":{"line":113,"column":8},"end":{"line":117,"column":9}},{"start":{"line":115,"column":15},"end":{"line":117,"column":9}}],"line":113},"16":{"loc":{"start":{"line":119,"column":6},"end":{"line":121,"column":7}},"type":"if","locations":[{"start":{"line":119,"column":6},"end":{"line":121,"column":7}},{"start":{},"end":{}}],"line":119},"17":{"loc":{"start":{"line":119,"column":10},"end":{"line":119,"column":34}},"type":"binary-expr","locations":[{"start":{"line":119,"column":10},"end":{"line":119,"column":20}},{"start":{"line":119,"column":24},"end":{"line":119,"column":34}}],"line":119},"18":{"loc":{"start":{"line":130,"column":10},"end":{"line":132,"column":11}},"type":"if","locations":[{"start":{"line":130,"column":10},"end":{"line":132,"column":11}},{"start":{},"end":{}}],"line":130},"19":{"loc":{"start":{"line":156,"column":6},"end":{"line":161,"column":7}},"type":"if","locations":[{"start":{"line":156,"column":6},"end":{"line":161,"column":7}},{"start":{"line":159,"column":13},"end":{"line":161,"column":7}}],"line":156},"20":{"loc":{"start":{"line":156,"column":10},"end":{"line":156,"column":152}},"type":"binary-expr","locations":[{"start":{"line":156,"column":10},"end":{"line":156,"column":48}},{"start":{"line":156,"column":53},"end":{"line":156,"column":114}},{"start":{"line":156,"column":118},"end":{"line":156,"column":151}}],"line":156},"21":{"loc":{"start":{"line":167,"column":4},"end":{"line":183,"column":5}},"type":"if","locations":[{"start":{"line":167,"column":4},"end":{"line":183,"column":5}},{"start":{"line":175,"column":11},"end":{"line":183,"column":5}}],"line":167},"22":{"loc":{"start":{"line":168,"column":6},"end":{"line":174,"column":7}},"type":"if","locations":[{"start":{"line":168,"column":6},"end":{"line":174,"column":7}},{"start":{"line":171,"column":13},"end":{"line":174,"column":7}}],"line":168},"23":{"loc":{"start":{"line":176,"column":6},"end":{"line":182,"column":7}},"type":"if","locations":[{"start":{"line":176,"column":6},"end":{"line":182,"column":7}},{"start":{"line":179,"column":13},"end":{"line":182,"column":7}}],"line":176},"24":{"loc":{"start":{"line":188,"column":4},"end":{"line":193,"column":5}},"type":"if","locations":[{"start":{"line":188,"column":4},"end":{"line":193,"column":5}},{"start":{"line":191,"column":11},"end":{"line":193,"column":5}}],"line":188}},"s":{"0":4,"1":4,"2":4,"3":4,"4":21,"5":21,"6":14,"7":19,"8":2,"9":17,"10":17,"11":18,"12":18,"13":18,"14":18,"15":16,"16":16,"17":16,"18":16,"19":16,"20":16,"21":0,"22":0,"23":0,"24":16,"25":0,"26":0,"27":0,"28":0,"29":16,"30":16,"31":16,"32":16,"33":16,"34":16,"35":16,"36":16,"37":16,"38":16,"39":16,"40":16,"41":16,"42":18,"43":18,"44":18,"45":18,"46":11,"47":11,"48":0,"49":0,"50":0,"51":0,"52":18,"53":11,"54":11,"55":11,"56":7,"57":16,"58":16,"59":16,"60":16,"61":16,"62":16,"63":16,"64":16,"65":0,"66":0,"67":0,"68":0,"69":0,"70":0,"71":0,"72":16,"73":16,"74":32,"75":32,"76":32,"77":32,"78":32,"79":32,"80":16,"81":16,"82":32,"83":32,"84":32,"85":16,"86":12,"87":12,"88":12,"89":16,"90":16,"91":16,"92":16,"93":2,"94":2,"95":14,"96":16,"97":32,"98":17,"99":9,"100":9,"101":8,"102":8,"103":15,"104":7,"105":7,"106":8,"107":8,"108":16,"109":14,"110":14,"111":2,"112":2,"113":2,"114":2,"115":2,"116":4},"f":{"0":21,"1":14,"2":19,"3":248,"4":16,"5":16,"6":16,"7":16,"8":16,"9":16,"10":16,"11":16,"12":32,"13":16},"b":{"0":[2,17],"1":[19,18],"2":[0],"3":[16,0],"4":[0,16,16,16],"5":[0,0],"6":[0,16],"7":[0],"8":[0],"9":[18,0],"10":[11,7],"11":[0,0,0],"12":[11,7],"13":[0],"14":[16,0],"15":[0,0],"16":[0,0],"17":[0,0],"18":[32,0],"19":[2,14],"20":[16,8,6],"21":[17,15],"22":[9,8],"23":[7,8],"24":[14,2]},"_coverageSchema":"1a1c01bbd47fc00a2c39e90264f33305004495a9","hash":"66e9af10eeb2c89988d9bdd3349d5078466e7cda"}
,"C:\\Users\\user\\Desktop\\Software_Engineer_Program_Courses\\3rd year\\Testing\\Assignment 1 part 2\\TDD_testing_assigment\\src\\GameStub.js": {"path":"C:\\Users\\user\\Desktop\\Software_Engineer_Program_Courses\\3rd year\\Testing\\Assignment 1 part 2\\TDD_testing_assigment\\src\\GameStub.js","statementMap":{"0":{"start":{"line":1,"column":13},"end":{"line":1,"column":30}},"1":{"start":{"line":4,"column":8},"end":{"line":4,"column":16}},"2":{"start":{"line":7,"column":8},"end":{"line":7,"column":29}},"3":{"start":{"line":11,"column":0},"end":{"line":11,"column":26}}},"fnMap":{"0":{"name":"(anonymous_0)","decl":{"start":{"line":3,"column":4},"end":{"line":3,"column":5}},"loc":{"start":{"line":3,"column":18},"end":{"line":5,"column":5}},"line":3},"1":{"name":"(anonymous_1)","decl":{"start":{"line":6,"column":4},"end":{"line":6,"column":5}},"loc":{"start":{"line":6,"column":17},"end":{"line":8,"column":5}},"line":6}},"branchMap":{},"s":{"0":3,"1":19,"2":26,"3":3},"f":{"0":19,"1":26},"b":{},"_coverageSchema":"1a1c01bbd47fc00a2c39e90264f33305004495a9","hash":"8a4f14cbeeedd068b1917e03cb75af9c77653abf"}
,"C:\\Users\\user\\Desktop\\Software_Engineer_Program_Courses\\3rd year\\Testing\\Assignment 1 part 2\\TDD_testing_assigment\\src\\Hand.js": {"path":"C:\\Users\\user\\Desktop\\Software_Engineer_Program_Courses\\3rd year\\Testing\\Assignment 1 part 2\\TDD_testing_assigment\\src\\Hand.js","statementMap":{"0":{"start":{"line":2,"column":13},"end":{"line":2,"column":15}},"1":{"start":{"line":3,"column":12},"end":{"line":3,"column":17}},"2":{"start":{"line":8,"column":8},"end":{"line":8,"column":62}},"3":{"start":{"line":12,"column":8},"end":{"line":12,"column":31}},"4":{"start":{"line":13,"column":8},"end":{"line":19,"column":9}},"5":{"start":{"line":14,"column":12},"end":{"line":18,"column":13}},"6":{"start":{"line":15,"column":16},"end":{"line":15,"column":34}},"7":{"start":{"line":17,"column":16},"end":{"line":17,"column":35}},"8":{"start":{"line":20,"column":8},"end":{"line":20,"column":20}},"9":{"start":{"line":24,"column":8},"end":{"line":24,"column":26}},"10":{"start":{"line":28,"column":18},"end":{"line":28,"column":19}},"11":{"start":{"line":29,"column":8},"end":{"line":35,"column":9}},"12":{"start":{"line":30,"column":12},"end":{"line":34,"column":13}},"13":{"start":{"line":31,"column":16},"end":{"line":31,"column":26}},"14":{"start":{"line":33,"column":16},"end":{"line":33,"column":39}},"15":{"start":{"line":36,"column":8},"end":{"line":38,"column":9}},"16":{"start":{"line":37,"column":12},"end":{"line":37,"column":22}},"17":{"start":{"line":39,"column":8},"end":{"line":39,"column":20}},"18":{"start":{"line":43,"column":2},"end":{"line":43,"column":24}}},"fnMap":{"0":{"name":"(anonymous_0)","decl":{"start":{"line":4,"column":4},"end":{"line":4,"column":5}},"loc":{"start":{"line":4,"column":18},"end":{"line":5,"column":5}},"line":4},"1":{"name":"(anonymous_1)","decl":{"start":{"line":7,"column":4},"end":{"line":7,"column":5}},"loc":{"start":{"line":7,"column":15},"end":{"line":9,"column":5}},"line":7},"2":{"name":"(anonymous_2)","decl":{"start":{"line":11,"column":4},"end":{"line":11,"column":5}},"loc":{"start":{"line":11,"column":18},"end":{"line":21,"column":5}},"line":11},"3":{"name":"(anonymous_3)","decl":{"start":{"line":23,"column":4},"end":{"line":23,"column":5}},"loc":{"start":{"line":23,"column":14},"end":{"line":25,"column":5}},"line":23},"4":{"name":"(anonymous_4)","decl":{"start":{"line":27,"column":4},"end":{"line":27,"column":5}},"loc":{"start":{"line":27,"column":15},"end":{"line":40,"column":5}},"line":27}},"branchMap":{"0":{"loc":{"start":{"line":8,"column":15},"end":{"line":8,"column":61}},"type":"cond-expr","locations":[{"start":{"line":8,"column":43},"end":{"line":8,"column":47}},{"start":{"line":8,"column":50},"end":{"line":8,"column":61}}],"line":8},"1":{"loc":{"start":{"line":14,"column":12},"end":{"line":18,"column":13}},"type":"if","locations":[{"start":{"line":14,"column":12},"end":{"line":18,"column":13}},{"start":{"line":16,"column":19},"end":{"line":18,"column":13}}],"line":14},"2":{"loc":{"start":{"line":30,"column":12},"end":{"line":34,"column":13}},"type":"if","locations":[{"start":{"line":30,"column":12},"end":{"line":34,"column":13}},{"start":{"line":32,"column":19},"end":{"line":34,"column":13}}],"line":30},"3":{"loc":{"start":{"line":36,"column":8},"end":{"line":38,"column":9}},"type":"if","locations":[{"start":{"line":36,"column":8},"end":{"line":38,"column":9}},{"start":{},"end":{}}],"line":36},"4":{"loc":{"start":{"line":36,"column":12},"end":{"line":36,"column":34}},"type":"binary-expr","locations":[{"start":{"line":36,"column":12},"end":{"line":36,"column":20}},{"start":{"line":36,"column":24},"end":{"line":36,"column":34}}],"line":36}},"s":{"0":56,"1":56,"2":6,"3":100,"4":100,"5":188,"6":15,"7":173,"8":100,"9":3,"10":172,"11":172,"12":428,"13":25,"14":403,"15":172,"16":1,"17":172,"18":5},"f":{"0":56,"1":6,"2":100,"3":3,"4":172},"b":{"0":[1,5],"1":[15,173],"2":[25,403],"3":[1,171],"4":[172,51]},"_coverageSchema":"1a1c01bbd47fc00a2c39e90264f33305004495a9","hash":"d89c4aa6d0f9f99df3ea8f85cd0c442b4d7b7576"}
,"C:\\Users\\user\\Desktop\\Software_Engineer_Program_Courses\\3rd year\\Testing\\Assignment 1 part 2\\TDD_testing_assigment\\src\\HandStub.js": {"path":"C:\\Users\\user\\Desktop\\Software_Engineer_Program_Courses\\3rd year\\Testing\\Assignment 1 part 2\\TDD_testing_assigment\\src\\HandStub.js","statementMap":{"0":{"start":{"line":1,"column":13},"end":{"line":1,"column":35}},"1":{"start":{"line":5,"column":8},"end":{"line":5,"column":16}},"2":{"start":{"line":9,"column":0},"end":{"line":9,"column":26}}},"fnMap":{"0":{"name":"(anonymous_0)","decl":{"start":{"line":4,"column":4},"end":{"line":4,"column":5}},"loc":{"start":{"line":4,"column":18},"end":{"line":6,"column":5}},"line":4}},"branchMap":{},"s":{"0":1,"1":1,"2":1},"f":{"0":1},"b":{},"_coverageSchema":"1a1c01bbd47fc00a2c39e90264f33305004495a9","hash":"243d46bb54b7668b0bab118ae73aa2c381f3ca6e"}
,"C:\\Users\\user\\Desktop\\Software_Engineer_Program_Courses\\3rd year\\Testing\\Assignment 1 part 2\\TDD_testing_assigment\\src\\Player.js": {"path":"C:\\Users\\user\\Desktop\\Software_Engineer_Program_Courses\\3rd year\\Testing\\Assignment 1 part 2\\TDD_testing_assigment\\src\\Player.js","statementMap":{"0":{"start":{"line":1,"column":13},"end":{"line":1,"column":35}},"1":{"start":{"line":2,"column":15},"end":{"line":2,"column":45}},"2":{"start":{"line":3,"column":17},"end":{"line":3,"column":49}},"3":{"start":{"line":6,"column":11},"end":{"line":6,"column":13}},"4":{"start":{"line":12,"column":6},"end":{"line":12,"column":25}},"5":{"start":{"line":13,"column":6},"end":{"line":13,"column":30}},"6":{"start":{"line":14,"column":6},"end":{"line":14,"column":35}},"7":{"start":{"line":15,"column":6},"end":{"line":15,"column":48}},"8":{"start":{"line":18,"column":8},"end":{"line":18,"column":26}},"9":{"start":{"line":21,"column":8},"end":{"line":21,"column":26}},"10":{"start":{"line":24,"column":8},"end":{"line":24,"column":28}},"11":{"start":{"line":27,"column":8},"end":{"line":27,"column":26}},"12":{"start":{"line":30,"column":8},"end":{"line":30,"column":27}},"13":{"start":{"line":34,"column":6},"end":{"line":64,"column":7}},"14":{"start":{"line":36,"column":10},"end":{"line":36,"column":30}},"15":{"start":{"line":37,"column":10},"end":{"line":37,"column":16}},"16":{"start":{"line":39,"column":10},"end":{"line":39,"column":30}},"17":{"start":{"line":40,"column":10},"end":{"line":40,"column":16}},"18":{"start":{"line":42,"column":10},"end":{"line":42,"column":30}},"19":{"start":{"line":43,"column":10},"end":{"line":43,"column":16}},"20":{"start":{"line":45,"column":10},"end":{"line":45,"column":30}},"21":{"start":{"line":46,"column":10},"end":{"line":46,"column":16}},"22":{"start":{"line":48,"column":10},"end":{"line":48,"column":30}},"23":{"start":{"line":49,"column":10},"end":{"line":49,"column":16}},"24":{"start":{"line":51,"column":10},"end":{"line":51,"column":30}},"25":{"start":{"line":52,"column":10},"end":{"line":52,"column":16}},"26":{"start":{"line":54,"column":10},"end":{"line":54,"column":30}},"27":{"start":{"line":55,"column":10},"end":{"line":55,"column":16}},"28":{"start":{"line":57,"column":10},"end":{"line":57,"column":30}},"29":{"start":{"line":58,"column":10},"end":{"line":58,"column":16}},"30":{"start":{"line":60,"column":10},"end":{"line":60,"column":30}},"31":{"start":{"line":61,"column":10},"end":{"line":61,"column":16}},"32":{"start":{"line":63,"column":10},"end":{"line":63,"column":43}},"33":{"start":{"line":68,"column":8},"end":{"line":68,"column":30}},"34":{"start":{"line":71,"column":6},"end":{"line":80,"column":5}},"35":{"start":{"line":73,"column":10},"end":{"line":73,"column":36}},"36":{"start":{"line":74,"column":10},"end":{"line":74,"column":16}},"37":{"start":{"line":76,"column":10},"end":{"line":76,"column":36}},"38":{"start":{"line":77,"column":10},"end":{"line":77,"column":16}},"39":{"start":{"line":79,"column":10},"end":{"line":79,"column":46}},"40":{"start":{"line":86,"column":2},"end":{"line":86,"column":26}}},"fnMap":{"0":{"name":"(anonymous_0)","decl":{"start":{"line":11,"column":4},"end":{"line":11,"column":5}},"loc":{"start":{"line":11,"column":18},"end":{"line":16,"column":5}},"line":11},"1":{"name":"(anonymous_1)","decl":{"start":{"line":17,"column":4},"end":{"line":17,"column":5}},"loc":{"start":{"line":17,"column":14},"end":{"line":19,"column":5}},"line":17},"2":{"name":"(anonymous_2)","decl":{"start":{"line":20,"column":4},"end":{"line":20,"column":5}},"loc":{"start":{"line":20,"column":18},"end":{"line":22,"column":5}},"line":20},"3":{"name":"(anonymous_3)","decl":{"start":{"line":23,"column":4},"end":{"line":23,"column":5}},"loc":{"start":{"line":23,"column":16},"end":{"line":25,"column":5}},"line":23},"4":{"name":"(anonymous_4)","decl":{"start":{"line":26,"column":4},"end":{"line":26,"column":5}},"loc":{"start":{"line":26,"column":14},"end":{"line":28,"column":5}},"line":26},"5":{"name":"(anonymous_5)","decl":{"start":{"line":29,"column":4},"end":{"line":29,"column":5}},"loc":{"start":{"line":29,"column":15},"end":{"line":31,"column":5}},"line":29},"6":{"name":"(anonymous_6)","decl":{"start":{"line":32,"column":4},"end":{"line":32,"column":5}},"loc":{"start":{"line":32,"column":20},"end":{"line":66,"column":5}},"line":32},"7":{"name":"(anonymous_7)","decl":{"start":{"line":67,"column":4},"end":{"line":67,"column":5}},"loc":{"start":{"line":67,"column":18},"end":{"line":69,"column":5}},"line":67},"8":{"name":"(anonymous_8)","decl":{"start":{"line":70,"column":4},"end":{"line":70,"column":5}},"loc":{"start":{"line":70,"column":26},"end":{"line":81,"column":3}},"line":70}},"branchMap":{"0":{"loc":{"start":{"line":34,"column":6},"end":{"line":64,"column":7}},"type":"switch","locations":[{"start":{"line":35,"column":8},"end":{"line":37,"column":16}},{"start":{"line":38,"column":8},"end":{"line":40,"column":16}},{"start":{"line":41,"column":8},"end":{"line":43,"column":16}},{"start":{"line":44,"column":8},"end":{"line":46,"column":16}},{"start":{"line":47,"column":8},"end":{"line":49,"column":16}},{"start":{"line":50,"column":8},"end":{"line":52,"column":16}},{"start":{"line":53,"column":8},"end":{"line":55,"column":16}},{"start":{"line":56,"column":8},"end":{"line":58,"column":16}},{"start":{"line":59,"column":8},"end":{"line":61,"column":16}},{"start":{"line":62,"column":8},"end":{"line":63,"column":43}}],"line":34},"1":{"loc":{"start":{"line":71,"column":6},"end":{"line":80,"column":5}},"type":"switch","locations":[{"start":{"line":72,"column":8},"end":{"line":74,"column":16}},{"start":{"line":75,"column":8},"end":{"line":77,"column":16}},{"start":{"line":78,"column":8},"end":{"line":79,"column":46}}],"line":71}},"s":{"0":4,"1":4,"2":4,"3":47,"4":47,"5":47,"6":47,"7":47,"8":20,"9":19,"10":1,"11":258,"12":69,"13":76,"14":26,"15":26,"16":10,"17":10,"18":1,"19":1,"20":9,"21":9,"22":3,"23":3,"24":23,"25":23,"26":1,"27":1,"28":1,"29":1,"30":1,"31":1,"32":1,"33":1,"34":2,"35":1,"36":1,"37":0,"38":0,"39":1,"40":4},"f":{"0":47,"1":20,"2":19,"3":1,"4":258,"5":69,"6":76,"7":1,"8":2},"b":{"0":[26,10,1,9,3,23,1,1,1,1],"1":[1,0,1]},"_coverageSchema":"1a1c01bbd47fc00a2c39e90264f33305004495a9","hash":"3503f2b893ff4ca56abfbb2b884ba59ec3e2c2be"}
,"C:\\Users\\user\\Desktop\\Software_Engineer_Program_Courses\\3rd year\\Testing\\Assignment 1 part 2\\TDD_testing_assigment\\src\\PlayerStub.js": {"path":"C:\\Users\\user\\Desktop\\Software_Engineer_Program_Courses\\3rd year\\Testing\\Assignment 1 part 2\\TDD_testing_assigment\\src\\PlayerStub.js","statementMap":{"0":{"start":{"line":1,"column":15},"end":{"line":1,"column":34}},"1":{"start":{"line":2,"column":17},"end":{"line":2,"column":38}},"2":{"start":{"line":3,"column":13},"end":{"line":3,"column":35}},"3":{"start":{"line":8,"column":8},"end":{"line":8,"column":16}},"4":{"start":{"line":9,"column":8},"end":{"line":9,"column":39}},"5":{"start":{"line":13,"column":8},"end":{"line":13,"column":36}},"6":{"start":{"line":14,"column":8},"end":{"line":14,"column":20}},"7":{"start":{"line":18,"column":8},"end":{"line":18,"column":29}},"8":{"start":{"line":22,"column":8},"end":{"line":22,"column":40}},"9":{"start":{"line":26,"column":21},"end":{"line":26,"column":31}},"10":{"start":{"line":27,"column":8},"end":{"line":27,"column":31}},"11":{"start":{"line":28,"column":8},"end":{"line":28,"column":30}},"12":{"start":{"line":29,"column":8},"end":{"line":29,"column":36}},"13":{"start":{"line":33,"column":0},"end":{"line":33,"column":28}}},"fnMap":{"0":{"name":"(anonymous_0)","decl":{"start":{"line":7,"column":4},"end":{"line":7,"column":5}},"loc":{"start":{"line":7,"column":18},"end":{"line":10,"column":5}},"line":7},"1":{"name":"(anonymous_1)","decl":{"start":{"line":12,"column":4},"end":{"line":12,"column":5}},"loc":{"start":{"line":12,"column":18},"end":{"line":15,"column":5}},"line":12},"2":{"name":"(anonymous_2)","decl":{"start":{"line":17,"column":4},"end":{"line":17,"column":5}},"loc":{"start":{"line":17,"column":14},"end":{"line":19,"column":5}},"line":17},"3":{"name":"(anonymous_3)","decl":{"start":{"line":21,"column":4},"end":{"line":21,"column":5}},"loc":{"start":{"line":21,"column":15},"end":{"line":23,"column":5}},"line":21},"4":{"name":"(anonymous_4)","decl":{"start":{"line":25,"column":4},"end":{"line":25,"column":5}},"loc":{"start":{"line":25,"column":10},"end":{"line":30,"column":5}},"line":25}},"branchMap":{},"s":{"0":1,"1":1,"2":1,"3":1,"4":1,"5":0,"6":0,"7":3,"8":0,"9":1,"10":1,"11":1,"12":1,"13":1},"f":{"0":1,"1":0,"2":3,"3":0,"4":1},"b":{},"_coverageSchema":"1a1c01bbd47fc00a2c39e90264f33305004495a9","hash":"159c846ad2b98b3430a9e020808a52aff1842cbc"}
,"C:\\Users\\user\\Desktop\\Software_Engineer_Program_Courses\\3rd year\\Testing\\Assignment 1 part 2\\TDD_testing_assigment\\src\\Rank_types.js": {"path":"C:\\Users\\user\\Desktop\\Software_Engineer_Program_Courses\\3rd year\\Testing\\Assignment 1 part 2\\TDD_testing_assigment\\src\\Rank_types.js","statementMap":{"0":{"start":{"line":1,"column":19},"end":{"line":15,"column":1}},"1":{"start":{"line":17,"column":0},"end":{"line":17,"column":27}}},"fnMap":{},"branchMap":{},"s":{"0":7,"1":7},"f":{},"b":{},"_coverageSchema":"1a1c01bbd47fc00a2c39e90264f33305004495a9","hash":"40c8977362fa3b5dff779c005b5a8b8c28553172"}
,"C:\\Users\\user\\Desktop\\Software_Engineer_Program_Courses\\3rd year\\Testing\\Assignment 1 part 2\\TDD_testing_assigment\\src\\States_types.js": {"path":"C:\\Users\\user\\Desktop\\Software_Engineer_Program_Courses\\3rd year\\Testing\\Assignment 1 part 2\\TDD_testing_assigment\\src\\States_types.js","statementMap":{"0":{"start":{"line":1,"column":20},"end":{"line":11,"column":2}},"1":{"start":{"line":13,"column":0},"end":{"line":13,"column":28}}},"fnMap":{},"branchMap":{},"s":{"0":4,"1":4},"f":{},"b":{},"_coverageSchema":"1a1c01bbd47fc00a2c39e90264f33305004495a9","hash":"27f31959b6a25054bf0ea169f95c47504fe7c7cd"}
,"C:\\Users\\user\\Desktop\\Software_Engineer_Program_Courses\\3rd year\\Testing\\Assignment 1 part 2\\TDD_testing_assigment\\src\\Strategy_types.js": {"path":"C:\\Users\\user\\Desktop\\Software_Engineer_Program_Courses\\3rd year\\Testing\\Assignment 1 part 2\\TDD_testing_assigment\\src\\Strategy_types.js","statementMap":{"0":{"start":{"line":1,"column":22},"end":{"line":4,"column":2}},"1":{"start":{"line":6,"column":0},"end":{"line":6,"column":30}}},"fnMap":{},"branchMap":{},"s":{"0":4,"1":4},"f":{},"b":{},"_coverageSchema":"1a1c01bbd47fc00a2c39e90264f33305004495a9","hash":"345977c3b0cf191f1081f02ea31f331d42814527"}
,"C:\\Users\\user\\Desktop\\Software_Engineer_Program_Courses\\3rd year\\Testing\\Assignment 1 part 2\\TDD_testing_assigment\\src\\Suit_types.js": {"path":"C:\\Users\\user\\Desktop\\Software_Engineer_Program_Courses\\3rd year\\Testing\\Assignment 1 part 2\\TDD_testing_assigment\\src\\Suit_types.js","statementMap":{"0":{"start":{"line":1,"column":19},"end":{"line":1,"column":60}},"1":{"start":{"line":3,"column":0},"end":{"line":3,"column":27}}},"fnMap":{},"branchMap":{},"s":{"0":7,"1":7},"f":{},"b":{},"_coverageSchema":"1a1c01bbd47fc00a2c39e90264f33305004495a9","hash":"c0ff6d462fc41a174ea6c9f3986b3ae9604988b0"}
}
