{"C:\\Users\\user\\Desktop\\Software_Engineer_Program_Courses\\3rd year\\Testing\\Assignment 1 part 2\\TDD_testing_assigment\\src\\Card.js": {"path":"C:\\Users\\user\\Desktop\\Software_Engineer_Program_Courses\\3rd year\\Testing\\Assignment 1 part 2\\TDD_testing_assigment\\src\\Card.js","statementMap":{"0":{"start":{"line":1,"column":19},"end":{"line":1,"column":42}},"1":{"start":{"line":2,"column":19},"end":{"line":2,"column":42}},"2":{"start":{"line":4,"column":12},"end":{"line":4,"column":14}},"3":{"start":{"line":5,"column":12},"end":{"line":5,"column":14}},"4":{"start":{"line":7,"column":4},"end":{"line":7,"column":75}},"5":{"start":{"line":8,"column":4},"end":{"line":8,"column":75}},"6":{"start":{"line":12,"column":8},"end":{"line":12,"column":26}},"7":{"start":{"line":15,"column":8},"end":{"line":19,"column":9}},"8":{"start":{"line":16,"column":12},"end":{"line":16,"column":44}},"9":{"start":{"line":18,"column":12},"end":{"line":18,"column":50}},"10":{"start":{"line":23,"column":8},"end":{"line":23,"column":26}},"11":{"start":{"line":26,"column":8},"end":{"line":30,"column":9}},"12":{"start":{"line":27,"column":12},"end":{"line":27,"column":44}},"13":{"start":{"line":29,"column":12},"end":{"line":29,"column":50}},"14":{"start":{"line":34,"column":8},"end":{"line":34,"column":48}},"15":{"start":{"line":38,"column":8},"end":{"line":38,"column":100}},"16":{"start":{"line":42,"column":8},"end":{"line":42,"column":62}},"17":{"start":{"line":46,"column":8},"end":{"line":46,"column":62}},"18":{"start":{"line":50,"column":8},"end":{"line":50,"column":88}},"19":{"start":{"line":53,"column":28},"end":{"line":53,"column":42}},"20":{"start":{"line":54,"column":31},"end":{"line":54,"column":56}},"21":{"start":{"line":55,"column":33},"end":{"line":55,"column":46}},"22":{"start":{"line":56,"column":32},"end":{"line":56,"column":65}},"23":{"start":{"line":57,"column":8},"end":{"line":57,"column":31}},"24":{"start":{"line":62,"column":0},"end":{"line":62,"column":22}}},"fnMap":{"0":{"name":"(anonymous_0)","decl":{"start":{"line":6,"column":4},"end":{"line":6,"column":5}},"loc":{"start":{"line":6,"column":18},"end":{"line":9,"column":5}},"line":6},"1":{"name":"(anonymous_1)","decl":{"start":{"line":11,"column":4},"end":{"line":11,"column":5}},"loc":{"start":{"line":11,"column":14},"end":{"line":13,"column":5}},"line":11},"2":{"name":"(anonymous_2)","decl":{"start":{"line":14,"column":4},"end":{"line":14,"column":5}},"loc":{"start":{"line":14,"column":18},"end":{"line":20,"column":5}},"line":14},"3":{"name":"(anonymous_3)","decl":{"start":{"line":22,"column":4},"end":{"line":22,"column":5}},"loc":{"start":{"line":22,"column":14},"end":{"line":24,"column":5}},"line":22},"4":{"name":"(anonymous_4)","decl":{"start":{"line":25,"column":4},"end":{"line":25,"column":5}},"loc":{"start":{"line":25,"column":18},"end":{"line":31,"column":5}},"line":25},"5":{"name":"(anonymous_5)","decl":{"start":{"line":33,"column":4},"end":{"line":33,"column":5}},"loc":{"start":{"line":33,"column":15},"end":{"line":35,"column":5}},"line":33},"6":{"name":"(anonymous_6)","decl":{"start":{"line":37,"column":4},"end":{"line":37,"column":5}},"loc":{"start":{"line":37,"column":30},"end":{"line":39,"column":5}},"line":37}},"branchMap":{"0":{"loc":{"start":{"line":15,"column":8},"end":{"line":19,"column":9}},"type":"if","locations":[{"start":{"line":15,"column":8},"end":{"line":19,"column":9}},{"start":{"line":17,"column":15},"end":{"line":19,"column":9}}],"line":15},"1":{"loc":{"start":{"line":26,"column":8},"end":{"line":30,"column":9}},"type":"if","locations":[{"start":{"line":26,"column":8},"end":{"line":30,"column":9}},{"start":{"line":28,"column":15},"end":{"line":30,"column":9}}],"line":26},"2":{"loc":{"start":{"line":50,"column":15},"end":{"line":50,"column":86}},"type":"cond-expr","locations":[{"start":{"line":50,"column":53},"end":{"line":50,"column":81}},{"start":{"line":50,"column":84},"end":{"line":50,"column":86}}],"line":50}},"s":{"0":7,"1":7,"2":2097,"3":2097,"4":2097,"5":2097,"6":1,"7":2107,"8":2106,"9":1,"10":1,"11":2113,"12":2112,"13":1,"14":5131,"15":86,"16":2107,"17":2113,"18":5131,"19":172,"20":172,"21":172,"22":172,"23":172,"24":7},"f":{"0":2097,"1":1,"2":2107,"3":1,"4":2113,"5":5131,"6":86},"b":{"0":[2106,1],"1":[2112,1],"2":[4052,1079]},"_coverageSchema":"1a1c01bbd47fc00a2c39e90264f33305004495a9","hash":"0fca966f9596ab9650796e21df53ef511a45c58a"}
,"C:\\Users\\user\\Desktop\\Software_Engineer_Program_Courses\\3rd year\\Testing\\Assignment 1 part 2\\TDD_testing_assigment\\src\\Dealer.js": {"path":"C:\\Users\\user\\Desktop\\Software_Engineer_Program_Courses\\3rd year\\Testing\\Assignment 1 part 2\\TDD_testing_assigment\\src\\Dealer.js","statementMap":{"0":{"start":{"line":1,"column":15},"end":{"line":1,"column":34}},"1":{"start":{"line":2,"column":13},"end":{"line":2,"column":30}},"2":{"start":{"line":8,"column":8},"end":{"line":8,"column":20}},"3":{"start":{"line":9,"column":8},"end":{"line":11,"column":9}},"4":{"start":{"line":10,"column":12},"end":{"line":10,"column":48}},"5":{"start":{"line":12,"column":8},"end":{"line":12,"column":25}},"6":{"start":{"line":16,"column":8},"end":{"line":16,"column":26}},"7":{"start":{"line":20,"column":0},"end":{"line":20,"column":24}}},"fnMap":{"0":{"name":"(anonymous_0)","decl":{"start":{"line":7,"column":4},"end":{"line":7,"column":5}},"loc":{"start":{"line":7,"column":28},"end":{"line":13,"column":5}},"line":7},"1":{"name":"(anonymous_1)","decl":{"start":{"line":15,"column":4},"end":{"line":15,"column":5}},"loc":{"start":{"line":15,"column":14},"end":{"line":17,"column":5}},"line":15}},"branchMap":{"0":{"loc":{"start":{"line":9,"column":8},"end":{"line":11,"column":9}},"type":"if","locations":[{"start":{"line":9,"column":8},"end":{"line":11,"column":9}},{"start":{},"end":{}}],"line":9}},"s":{"0":4,"1":4,"2":25,"3":25,"4":1,"5":24,"6":87,"7":4},"f":{"0":25,"1":87},"b":{"0":[1,24]},"_coverageSchema":"1a1c01bbd47fc00a2c39e90264f33305004495a9","hash":"2426cc5995ca7ee651b6022f92cd931354de54eb"}
,"C:\\Users\\user\\Desktop\\Software_Engineer_Program_Courses\\3rd year\\Testing\\Assignment 1 part 2\\TDD_testing_assigment\\src\\Deck.js": {"path":"C:\\Users\\user\\Desktop\\Software_Engineer_Program_Courses\\3rd year\\Testing\\Assignment 1 part 2\\TDD_testing_assigment\\src\\Deck.js","statementMap":{"0":{"start":{"line":1,"column":19},"end":{"line":1,"column":42}},"1":{"start":{"line":2,"column":19},"end":{"line":2,"column":42}},"2":{"start":{"line":3,"column":13},"end":{"line":3,"column":30}},"3":{"start":{"line":8,"column":4},"end":{"line":8,"column":22}},"4":{"start":{"line":12,"column":2},"end":{"line":12,"column":24}}},"fnMap":{"0":{"name":"(anonymous_0)","decl":{"start":{"line":5,"column":4},"end":{"line":5,"column":5}},"loc":{"start":{"line":5,"column":18},"end":{"line":6,"column":3}},"line":5},"1":{"name":"(anonymous_1)","decl":{"start":{"line":7,"column":2},"end":{"line":7,"column":3}},"loc":{"start":{"line":7,"column":14},"end":{"line":9,"column":3}},"line":7}},"branchMap":{},"s":{"0":5,"1":5,"2":5,"3":2086,"4":5},"f":{"0":27,"1":2086},"b":{},"_coverageSchema":"1a1c01bbd47fc00a2c39e90264f33305004495a9","hash":"63fba6b492c9d0fd4effee649d1354b2752520ef"}
,"C:\\Users\\user\\Desktop\\Software_Engineer_Program_Courses\\3rd year\\Testing\\Assignment 1 part 2\\TDD_testing_assigment\\src\\Game.js": {"path":"C:\\Users\\user\\Desktop\\Software_Engineer_Program_Courses\\3rd year\\Testing\\Assignment 1 part 2\\TDD_testing_assigment\\src\\Game.js","statementMap":{"0":{"start":{"line":1,"column":15},"end":{"line":1,"column":39}},"1":{"start":{"line":2,"column":15},"end":{"line":2,"column":39}},"2":{"start":{"line":3,"column":15},"end":{"line":3,"column":54}},"3":{"start":{"line":4,"column":15},"end":{"line":4,"column":45}},"4":{"start":{"line":5,"column":13},"end":{"line":5,"column":35}},"5":{"start":{"line":6,"column":13},"end":{"line":6,"column":35}},"6":{"start":{"line":10,"column":13},"end":{"line":10,"column":15}},"7":{"start":{"line":12,"column":6},"end":{"line":14,"column":7}},"8":{"start":{"line":13,"column":8},"end":{"line":13,"column":45}},"9":{"start":{"line":15,"column":6},"end":{"line":15,"column":27}},"10":{"start":{"line":16,"column":6},"end":{"line":16,"column":51}},"11":{"start":{"line":16,"column":45},"end":{"line":16,"column":49}},"12":{"start":{"line":20,"column":6},"end":{"line":20,"column":26}},"13":{"start":{"line":24,"column":6},"end":{"line":24,"column":27}},"14":{"start":{"line":27,"column":6},"end":{"line":29,"column":7}},"15":{"start":{"line":28,"column":8},"end":{"line":28,"column":52}},"16":{"start":{"line":30,"column":6},"end":{"line":36,"column":7}},"17":{"start":{"line":30,"column":19},"end":{"line":30,"column":20}},"18":{"start":{"line":31,"column":21},"end":{"line":31,"column":31}},"19":{"start":{"line":32,"column":23},"end":{"line":32,"column":39}},"20":{"start":{"line":33,"column":8},"end":{"line":33,"column":37}},"21":{"start":{"line":34,"column":8},"end":{"line":34,"column":39}},"22":{"start":{"line":35,"column":8},"end":{"line":35,"column":35}},"23":{"start":{"line":44,"column":14},"end":{"line":44,"column":16}},"24":{"start":{"line":45,"column":14},"end":{"line":45,"column":16}},"25":{"start":{"line":46,"column":6},"end":{"line":46,"column":29}},"26":{"start":{"line":47,"column":6},"end":{"line":73,"column":7}},"27":{"start":{"line":48,"column":28},"end":{"line":48,"column":90}},"28":{"start":{"line":49,"column":8},"end":{"line":49,"column":40}},"29":{"start":{"line":50,"column":8},"end":{"line":72,"column":9}},"30":{"start":{"line":52,"column":12},"end":{"line":52,"column":56}},"31":{"start":{"line":53,"column":12},"end":{"line":53,"column":33}},"32":{"start":{"line":53,"column":27},"end":{"line":53,"column":33}},"33":{"start":{"line":55,"column":12},"end":{"line":64,"column":13}},"34":{"start":{"line":56,"column":14},"end":{"line":56,"column":30}},"35":{"start":{"line":57,"column":14},"end":{"line":57,"column":31}},"36":{"start":{"line":58,"column":14},"end":{"line":58,"column":20}},"37":{"start":{"line":59,"column":14},"end":{"line":59,"column":19}},"38":{"start":{"line":62,"column":14},"end":{"line":62,"column":39}},"39":{"start":{"line":63,"column":14},"end":{"line":63,"column":22}},"40":{"start":{"line":66,"column":12},"end":{"line":66,"column":27}},"41":{"start":{"line":69,"column":12},"end":{"line":69,"column":67}},"42":{"start":{"line":70,"column":12},"end":{"line":70,"column":20}},"43":{"start":{"line":81,"column":19},"end":{"line":81,"column":52}},"44":{"start":{"line":82,"column":6},"end":{"line":82,"column":56}},"45":{"start":{"line":83,"column":6},"end":{"line":83,"column":32}},"46":{"start":{"line":84,"column":6},"end":{"line":84,"column":33}},"47":{"start":{"line":85,"column":6},"end":{"line":85,"column":40}},"48":{"start":{"line":86,"column":6},"end":{"line":86,"column":27}},"49":{"start":{"line":91,"column":4},"end":{"line":118,"column":5}},"50":{"start":{"line":91,"column":17},"end":{"line":91,"column":18}},"51":{"start":{"line":92,"column":8},"end":{"line":116,"column":7}},"52":{"start":{"line":93,"column":10},"end":{"line":93,"column":50}},"53":{"start":{"line":94,"column":10},"end":{"line":94,"column":80}},"54":{"start":{"line":96,"column":10},"end":{"line":107,"column":11}},"55":{"start":{"line":97,"column":12},"end":{"line":100,"column":13}},"56":{"start":{"line":98,"column":14},"end":{"line":98,"column":44}},"57":{"start":{"line":99,"column":14},"end":{"line":99,"column":25}},"58":{"start":{"line":102,"column":12},"end":{"line":102,"column":42}},"59":{"start":{"line":103,"column":12},"end":{"line":103,"column":44}},"60":{"start":{"line":104,"column":12},"end":{"line":106,"column":13}},"61":{"start":{"line":105,"column":14},"end":{"line":105,"column":85}},"62":{"start":{"line":109,"column":10},"end":{"line":115,"column":11}},"63":{"start":{"line":110,"column":25},"end":{"line":110,"column":59}},"64":{"start":{"line":111,"column":12},"end":{"line":111,"column":84}},"65":{"start":{"line":112,"column":12},"end":{"line":112,"column":53}},"66":{"start":{"line":114,"column":12},"end":{"line":114,"column":18}},"67":{"start":{"line":117,"column":6},"end":{"line":117,"column":40}},"68":{"start":{"line":120,"column":4},"end":{"line":120,"column":40}},"69":{"start":{"line":121,"column":4},"end":{"line":121,"column":42}},"70":{"start":{"line":122,"column":4},"end":{"line":122,"column":34}},"71":{"start":{"line":123,"column":20},"end":{"line":123,"column":64}},"72":{"start":{"line":124,"column":4},"end":{"line":124,"column":28}},"73":{"start":{"line":129,"column":6},"end":{"line":129,"column":30}},"74":{"start":{"line":129,"column":21},"end":{"line":129,"column":30}},"75":{"start":{"line":130,"column":6},"end":{"line":136,"column":7}},"76":{"start":{"line":131,"column":8},"end":{"line":135,"column":9}},"77":{"start":{"line":132,"column":10},"end":{"line":132,"column":21}},"78":{"start":{"line":134,"column":12},"end":{"line":134,"column":72}},"79":{"start":{"line":137,"column":6},"end":{"line":139,"column":7}},"80":{"start":{"line":138,"column":8},"end":{"line":138,"column":52}},"81":{"start":{"line":140,"column":6},"end":{"line":140,"column":20}},"82":{"start":{"line":144,"column":6},"end":{"line":152,"column":7}},"83":{"start":{"line":144,"column":19},"end":{"line":144,"column":20}},"84":{"start":{"line":145,"column":8},"end":{"line":151,"column":9}},"85":{"start":{"line":145,"column":21},"end":{"line":145,"column":22}},"86":{"start":{"line":146,"column":23},"end":{"line":146,"column":57}},"87":{"start":{"line":147,"column":10},"end":{"line":147,"column":82}},"88":{"start":{"line":148,"column":10},"end":{"line":150,"column":11}},"89":{"start":{"line":149,"column":12},"end":{"line":149,"column":53}},"90":{"start":{"line":156,"column":6},"end":{"line":160,"column":7}},"91":{"start":{"line":156,"column":19},"end":{"line":156,"column":20}},"92":{"start":{"line":157,"column":21},"end":{"line":157,"column":55}},"93":{"start":{"line":158,"column":8},"end":{"line":158,"column":75}},"94":{"start":{"line":159,"column":8},"end":{"line":159,"column":45}},"95":{"start":{"line":164,"column":4},"end":{"line":168,"column":5}},"96":{"start":{"line":165,"column":19},"end":{"line":165,"column":47}},"97":{"start":{"line":166,"column":6},"end":{"line":166,"column":73}},"98":{"start":{"line":167,"column":6},"end":{"line":167,"column":37}},"99":{"start":{"line":172,"column":20},"end":{"line":172,"column":22}},"100":{"start":{"line":173,"column":4},"end":{"line":180,"column":5}},"101":{"start":{"line":173,"column":17},"end":{"line":173,"column":18}},"102":{"start":{"line":174,"column":6},"end":{"line":179,"column":7}},"103":{"start":{"line":175,"column":8},"end":{"line":175,"column":39}},"104":{"start":{"line":176,"column":8},"end":{"line":176,"column":33}},"105":{"start":{"line":178,"column":8},"end":{"line":178,"column":40}},"106":{"start":{"line":181,"column":4},"end":{"line":181,"column":19}},"107":{"start":{"line":185,"column":4},"end":{"line":201,"column":5}},"108":{"start":{"line":186,"column":6},"end":{"line":192,"column":7}},"109":{"start":{"line":187,"column":8},"end":{"line":187,"column":47}},"110":{"start":{"line":188,"column":8},"end":{"line":188,"column":38}},"111":{"start":{"line":190,"column":8},"end":{"line":190,"column":61}},"112":{"start":{"line":191,"column":8},"end":{"line":191,"column":36}},"113":{"start":{"line":194,"column":6},"end":{"line":200,"column":7}},"114":{"start":{"line":195,"column":8},"end":{"line":195,"column":79}},"115":{"start":{"line":196,"column":8},"end":{"line":196,"column":39}},"116":{"start":{"line":198,"column":8},"end":{"line":198,"column":68}},"117":{"start":{"line":199,"column":8},"end":{"line":199,"column":37}},"118":{"start":{"line":206,"column":4},"end":{"line":211,"column":5}},"119":{"start":{"line":207,"column":6},"end":{"line":207,"column":51}},"120":{"start":{"line":208,"column":6},"end":{"line":208,"column":13}},"121":{"start":{"line":210,"column":6},"end":{"line":210,"column":63}},"122":{"start":{"line":212,"column":4},"end":{"line":215,"column":5}},"123":{"start":{"line":212,"column":17},"end":{"line":212,"column":18}},"124":{"start":{"line":213,"column":19},"end":{"line":213,"column":38}},"125":{"start":{"line":214,"column":6},"end":{"line":214,"column":43}},"126":{"start":{"line":218,"column":0},"end":{"line":218,"column":22}}},"fnMap":{"0":{"name":"(anonymous_0)","decl":{"start":{"line":11,"column":4},"end":{"line":11,"column":5}},"loc":{"start":{"line":11,"column":47},"end":{"line":17,"column":5}},"line":11},"1":{"name":"(anonymous_1)","decl":{"start":{"line":16,"column":39},"end":{"line":16,"column":40}},"loc":{"start":{"line":16,"column":45},"end":{"line":16,"column":49}},"line":16},"2":{"name":"(anonymous_2)","decl":{"start":{"line":19,"column":4},"end":{"line":19,"column":5}},"loc":{"start":{"line":19,"column":16},"end":{"line":21,"column":5}},"line":19},"3":{"name":"(anonymous_3)","decl":{"start":{"line":23,"column":4},"end":{"line":23,"column":5}},"loc":{"start":{"line":23,"column":17},"end":{"line":25,"column":3}},"line":23},"4":{"name":"(anonymous_4)","decl":{"start":{"line":26,"column":4},"end":{"line":26,"column":5}},"loc":{"start":{"line":26,"column":25},"end":{"line":37,"column":5}},"line":26},"5":{"name":"(anonymous_5)","decl":{"start":{"line":39,"column":4},"end":{"line":39,"column":5}},"loc":{"start":{"line":39,"column":26},"end":{"line":41,"column":5}},"line":39},"6":{"name":"(anonymous_6)","decl":{"start":{"line":43,"column":4},"end":{"line":43,"column":5}},"loc":{"start":{"line":43,"column":29},"end":{"line":74,"column":5}},"line":43},"7":{"name":"(anonymous_7)","decl":{"start":{"line":76,"column":4},"end":{"line":76,"column":5}},"loc":{"start":{"line":76,"column":15},"end":{"line":78,"column":5}},"line":76},"8":{"name":"(anonymous_8)","decl":{"start":{"line":80,"column":4},"end":{"line":80,"column":5}},"loc":{"start":{"line":80,"column":32},"end":{"line":87,"column":5}},"line":80},"9":{"name":"(anonymous_9)","decl":{"start":{"line":89,"column":4},"end":{"line":89,"column":5}},"loc":{"start":{"line":89,"column":28},"end":{"line":125,"column":3}},"line":89},"10":{"name":"(anonymous_10)","decl":{"start":{"line":127,"column":4},"end":{"line":127,"column":5}},"loc":{"start":{"line":127,"column":41},"end":{"line":141,"column":5}},"line":127},"11":{"name":"(anonymous_11)","decl":{"start":{"line":143,"column":4},"end":{"line":143,"column":5}},"loc":{"start":{"line":143,"column":26},"end":{"line":153,"column":5}},"line":143},"12":{"name":"(anonymous_12)","decl":{"start":{"line":155,"column":4},"end":{"line":155,"column":5}},"loc":{"start":{"line":155,"column":33},"end":{"line":161,"column":5}},"line":155},"13":{"name":"(anonymous_13)","decl":{"start":{"line":163,"column":2},"end":{"line":163,"column":3}},"loc":{"start":{"line":163,"column":29},"end":{"line":169,"column":3}},"line":163},"14":{"name":"(anonymous_14)","decl":{"start":{"line":171,"column":2},"end":{"line":171,"column":3}},"loc":{"start":{"line":171,"column":30},"end":{"line":182,"column":3}},"line":171},"15":{"name":"(anonymous_15)","decl":{"start":{"line":184,"column":2},"end":{"line":184,"column":3}},"loc":{"start":{"line":184,"column":22},"end":{"line":202,"column":3}},"line":184},"16":{"name":"(anonymous_16)","decl":{"start":{"line":205,"column":2},"end":{"line":205,"column":3}},"loc":{"start":{"line":205,"column":20},"end":{"line":216,"column":3}},"line":205}},"branchMap":{"0":{"loc":{"start":{"line":11,"column":24},"end":{"line":11,"column":45}},"type":"default-arg","locations":[{"start":{"line":11,"column":41},"end":{"line":11,"column":45}}],"line":11},"1":{"loc":{"start":{"line":12,"column":6},"end":{"line":14,"column":7}},"type":"if","locations":[{"start":{"line":12,"column":6},"end":{"line":14,"column":7}},{"start":{},"end":{}}],"line":12},"2":{"loc":{"start":{"line":16,"column":20},"end":{"line":16,"column":50}},"type":"binary-expr","locations":[{"start":{"line":16,"column":20},"end":{"line":16,"column":34}},{"start":{"line":16,"column":39},"end":{"line":16,"column":49}}],"line":16},"3":{"loc":{"start":{"line":27,"column":6},"end":{"line":29,"column":7}},"type":"if","locations":[{"start":{"line":27,"column":6},"end":{"line":29,"column":7}},{"start":{},"end":{}}],"line":27},"4":{"loc":{"start":{"line":27,"column":10},"end":{"line":27,"column":34}},"type":"binary-expr","locations":[{"start":{"line":27,"column":10},"end":{"line":27,"column":20}},{"start":{"line":27,"column":24},"end":{"line":27,"column":34}}],"line":27},"5":{"loc":{"start":{"line":43,"column":10},"end":{"line":43,"column":27}},"type":"default-arg","locations":[{"start":{"line":43,"column":22},"end":{"line":43,"column":27}}],"line":43},"6":{"loc":{"start":{"line":46,"column":10},"end":{"line":46,"column":28}},"type":"cond-expr","locations":[{"start":{"line":46,"column":22},"end":{"line":46,"column":25}},{"start":{"line":46,"column":27},"end":{"line":46,"column":28}}],"line":46},"7":{"loc":{"start":{"line":50,"column":8},"end":{"line":72,"column":9}},"type":"switch","locations":[{"start":{"line":51,"column":10},"end":{"line":53,"column":33}},{"start":{"line":54,"column":10},"end":{"line":64,"column":13}},{"start":{"line":65,"column":10},"end":{"line":66,"column":27}},{"start":{"line":68,"column":10},"end":{"line":70,"column":20}}],"line":50},"8":{"loc":{"start":{"line":53,"column":12},"end":{"line":53,"column":33}},"type":"if","locations":[{"start":{"line":53,"column":12},"end":{"line":53,"column":33}},{"start":{},"end":{}}],"line":53},"9":{"loc":{"start":{"line":55,"column":12},"end":{"line":64,"column":13}},"type":"if","locations":[{"start":{"line":55,"column":12},"end":{"line":64,"column":13}},{"start":{"line":61,"column":19},"end":{"line":64,"column":13}}],"line":55},"10":{"loc":{"start":{"line":80,"column":13},"end":{"line":80,"column":30}},"type":"default-arg","locations":[{"start":{"line":80,"column":25},"end":{"line":80,"column":30}}],"line":80},"11":{"loc":{"start":{"line":89,"column":9},"end":{"line":89,"column":26}},"type":"default-arg","locations":[{"start":{"line":89,"column":21},"end":{"line":89,"column":26}}],"line":89},"12":{"loc":{"start":{"line":96,"column":10},"end":{"line":107,"column":11}},"type":"if","locations":[{"start":{"line":96,"column":10},"end":{"line":107,"column":11}},{"start":{"line":101,"column":17},"end":{"line":107,"column":11}}],"line":96},"13":{"loc":{"start":{"line":97,"column":12},"end":{"line":100,"column":13}},"type":"if","locations":[{"start":{"line":97,"column":12},"end":{"line":100,"column":13}},{"start":{},"end":{}}],"line":97},"14":{"loc":{"start":{"line":104,"column":19},"end":{"line":104,"column":87}},"type":"binary-expr","locations":[{"start":{"line":104,"column":19},"end":{"line":104,"column":53}},{"start":{"line":104,"column":58},"end":{"line":104,"column":70}},{"start":{"line":104,"column":74},"end":{"line":104,"column":86}}],"line":104},"15":{"loc":{"start":{"line":109,"column":10},"end":{"line":115,"column":11}},"type":"if","locations":[{"start":{"line":109,"column":10},"end":{"line":115,"column":11}},{"start":{"line":113,"column":17},"end":{"line":115,"column":11}}],"line":109},"16":{"loc":{"start":{"line":127,"column":22},"end":{"line":127,"column":39}},"type":"default-arg","locations":[{"start":{"line":127,"column":34},"end":{"line":127,"column":39}}],"line":127},"17":{"loc":{"start":{"line":129,"column":6},"end":{"line":129,"column":30}},"type":"if","locations":[{"start":{"line":129,"column":6},"end":{"line":129,"column":30}},{"start":{},"end":{}}],"line":129},"18":{"loc":{"start":{"line":131,"column":8},"end":{"line":135,"column":9}},"type":"if","locations":[{"start":{"line":131,"column":8},"end":{"line":135,"column":9}},{"start":{"line":133,"column":15},"end":{"line":135,"column":9}}],"line":131},"19":{"loc":{"start":{"line":137,"column":6},"end":{"line":139,"column":7}},"type":"if","locations":[{"start":{"line":137,"column":6},"end":{"line":139,"column":7}},{"start":{},"end":{}}],"line":137},"20":{"loc":{"start":{"line":137,"column":10},"end":{"line":137,"column":34}},"type":"binary-expr","locations":[{"start":{"line":137,"column":10},"end":{"line":137,"column":20}},{"start":{"line":137,"column":24},"end":{"line":137,"column":34}}],"line":137},"21":{"loc":{"start":{"line":148,"column":10},"end":{"line":150,"column":11}},"type":"if","locations":[{"start":{"line":148,"column":10},"end":{"line":150,"column":11}},{"start":{},"end":{}}],"line":148},"22":{"loc":{"start":{"line":174,"column":6},"end":{"line":179,"column":7}},"type":"if","locations":[{"start":{"line":174,"column":6},"end":{"line":179,"column":7}},{"start":{"line":177,"column":13},"end":{"line":179,"column":7}}],"line":174},"23":{"loc":{"start":{"line":174,"column":10},"end":{"line":174,"column":152}},"type":"binary-expr","locations":[{"start":{"line":174,"column":10},"end":{"line":174,"column":48}},{"start":{"line":174,"column":53},"end":{"line":174,"column":114}},{"start":{"line":174,"column":118},"end":{"line":174,"column":151}}],"line":174},"24":{"loc":{"start":{"line":185,"column":4},"end":{"line":201,"column":5}},"type":"if","locations":[{"start":{"line":185,"column":4},"end":{"line":201,"column":5}},{"start":{"line":193,"column":11},"end":{"line":201,"column":5}}],"line":185},"25":{"loc":{"start":{"line":186,"column":6},"end":{"line":192,"column":7}},"type":"if","locations":[{"start":{"line":186,"column":6},"end":{"line":192,"column":7}},{"start":{"line":189,"column":13},"end":{"line":192,"column":7}}],"line":186},"26":{"loc":{"start":{"line":194,"column":6},"end":{"line":200,"column":7}},"type":"if","locations":[{"start":{"line":194,"column":6},"end":{"line":200,"column":7}},{"start":{"line":197,"column":13},"end":{"line":200,"column":7}}],"line":194},"27":{"loc":{"start":{"line":206,"column":4},"end":{"line":211,"column":5}},"type":"if","locations":[{"start":{"line":206,"column":4},"end":{"line":211,"column":5}},{"start":{"line":209,"column":11},"end":{"line":211,"column":5}}],"line":206}},"s":{"0":4,"1":4,"2":4,"3":4,"4":4,"5":4,"6":22,"7":22,"8":1,"9":21,"10":21,"11":0,"12":2,"13":26,"14":19,"15":2,"16":17,"17":17,"18":18,"19":18,"20":18,"21":18,"22":18,"23":16,"24":16,"25":16,"26":16,"27":16,"28":16,"29":16,"30":0,"31":0,"32":0,"33":16,"34":0,"35":0,"36":0,"37":0,"38":16,"39":16,"40":16,"41":16,"42":16,"43":16,"44":16,"45":16,"46":16,"47":16,"48":16,"49":16,"50":16,"51":16,"52":18,"53":18,"54":18,"55":18,"56":12,"57":12,"58":0,"59":0,"60":0,"61":0,"62":18,"63":12,"64":12,"65":12,"66":6,"67":16,"68":16,"69":16,"70":16,"71":16,"72":16,"73":16,"74":16,"75":0,"76":0,"77":0,"78":0,"79":0,"80":0,"81":0,"82":16,"83":16,"84":32,"85":32,"86":32,"87":32,"88":32,"89":32,"90":16,"91":16,"92":32,"93":32,"94":32,"95":16,"96":9,"97":9,"98":9,"99":16,"100":16,"101":16,"102":16,"103":3,"104":3,"105":13,"106":16,"107":32,"108":12,"109":4,"110":4,"111":8,"112":8,"113":20,"114":12,"115":12,"116":8,"117":8,"118":16,"119":13,"120":13,"121":3,"122":3,"123":3,"124":3,"125":3,"126":4},"f":{"0":22,"1":0,"2":2,"3":26,"4":19,"5":248,"6":16,"7":16,"8":16,"9":16,"10":16,"11":16,"12":16,"13":16,"14":16,"15":32,"16":16},"b":{"0":[22],"1":[1,21],"2":[21,21],"3":[2,17],"4":[19,18],"5":[0],"6":[16,0],"7":[0,16,16,16],"8":[0,0],"9":[0,16],"10":[0],"11":[0],"12":[18,0],"13":[12,6],"14":[0,0,0],"15":[12,6],"16":[0],"17":[16,0],"18":[0,0],"19":[0,0],"20":[0,0],"21":[32,0],"22":[3,13],"23":[16,8,5],"24":[12,20],"25":[4,8],"26":[12,8],"27":[13,3]},"_coverageSchema":"1a1c01bbd47fc00a2c39e90264f33305004495a9","hash":"2ecaf3e5c1ab0236efd1103dc40c83258fa2d95a"}
,"C:\\Users\\user\\Desktop\\Software_Engineer_Program_Courses\\3rd year\\Testing\\Assignment 1 part 2\\TDD_testing_assigment\\src\\Hand.js": {"path":"C:\\Users\\user\\Desktop\\Software_Engineer_Program_Courses\\3rd year\\Testing\\Assignment 1 part 2\\TDD_testing_assigment\\src\\Hand.js","statementMap":{"0":{"start":{"line":2,"column":13},"end":{"line":2,"column":15}},"1":{"start":{"line":3,"column":12},"end":{"line":3,"column":17}},"2":{"start":{"line":8,"column":8},"end":{"line":8,"column":62}},"3":{"start":{"line":12,"column":8},"end":{"line":12,"column":31}},"4":{"start":{"line":13,"column":8},"end":{"line":19,"column":9}},"5":{"start":{"line":14,"column":12},"end":{"line":18,"column":13}},"6":{"start":{"line":15,"column":16},"end":{"line":15,"column":34}},"7":{"start":{"line":17,"column":16},"end":{"line":17,"column":35}},"8":{"start":{"line":20,"column":8},"end":{"line":20,"column":20}},"9":{"start":{"line":24,"column":8},"end":{"line":24,"column":26}},"10":{"start":{"line":28,"column":18},"end":{"line":28,"column":19}},"11":{"start":{"line":29,"column":8},"end":{"line":35,"column":9}},"12":{"start":{"line":30,"column":12},"end":{"line":34,"column":13}},"13":{"start":{"line":31,"column":16},"end":{"line":31,"column":26}},"14":{"start":{"line":33,"column":16},"end":{"line":33,"column":39}},"15":{"start":{"line":36,"column":8},"end":{"line":38,"column":9}},"16":{"start":{"line":37,"column":12},"end":{"line":37,"column":22}},"17":{"start":{"line":39,"column":8},"end":{"line":39,"column":20}},"18":{"start":{"line":43,"column":2},"end":{"line":43,"column":24}}},"fnMap":{"0":{"name":"(anonymous_0)","decl":{"start":{"line":4,"column":4},"end":{"line":4,"column":5}},"loc":{"start":{"line":4,"column":18},"end":{"line":5,"column":5}},"line":4},"1":{"name":"(anonymous_1)","decl":{"start":{"line":7,"column":4},"end":{"line":7,"column":5}},"loc":{"start":{"line":7,"column":15},"end":{"line":9,"column":5}},"line":7},"2":{"name":"(anonymous_2)","decl":{"start":{"line":11,"column":4},"end":{"line":11,"column":5}},"loc":{"start":{"line":11,"column":18},"end":{"line":21,"column":5}},"line":11},"3":{"name":"(anonymous_3)","decl":{"start":{"line":23,"column":4},"end":{"line":23,"column":5}},"loc":{"start":{"line":23,"column":14},"end":{"line":25,"column":5}},"line":23},"4":{"name":"(anonymous_4)","decl":{"start":{"line":27,"column":4},"end":{"line":27,"column":5}},"loc":{"start":{"line":27,"column":15},"end":{"line":40,"column":5}},"line":27}},"branchMap":{"0":{"loc":{"start":{"line":8,"column":15},"end":{"line":8,"column":61}},"type":"cond-expr","locations":[{"start":{"line":8,"column":43},"end":{"line":8,"column":47}},{"start":{"line":8,"column":50},"end":{"line":8,"column":61}}],"line":8},"1":{"loc":{"start":{"line":14,"column":12},"end":{"line":18,"column":13}},"type":"if","locations":[{"start":{"line":14,"column":12},"end":{"line":18,"column":13}},{"start":{"line":16,"column":19},"end":{"line":18,"column":13}}],"line":14},"2":{"loc":{"start":{"line":30,"column":12},"end":{"line":34,"column":13}},"type":"if","locations":[{"start":{"line":30,"column":12},"end":{"line":34,"column":13}},{"start":{"line":32,"column":19},"end":{"line":34,"column":13}}],"line":30},"3":{"loc":{"start":{"line":36,"column":8},"end":{"line":38,"column":9}},"type":"if","locations":[{"start":{"line":36,"column":8},"end":{"line":38,"column":9}},{"start":{},"end":{}}],"line":36},"4":{"loc":{"start":{"line":36,"column":12},"end":{"line":36,"column":34}},"type":"binary-expr","locations":[{"start":{"line":36,"column":12},"end":{"line":36,"column":20}},{"start":{"line":36,"column":24},"end":{"line":36,"column":34}}],"line":36}},"s":{"0":56,"1":56,"2":6,"3":98,"4":98,"5":182,"6":10,"7":172,"8":98,"9":3,"10":175,"11":175,"12":428,"13":17,"14":411,"15":175,"16":1,"17":175,"18":5},"f":{"0":56,"1":6,"2":98,"3":3,"4":175},"b":{"0":[1,5],"1":[10,172],"2":[17,411],"3":[1,174],"4":[175,35]},"_coverageSchema":"1a1c01bbd47fc00a2c39e90264f33305004495a9","hash":"d89c4aa6d0f9f99df3ea8f85cd0c442b4d7b7576"}
,"C:\\Users\\user\\Desktop\\Software_Engineer_Program_Courses\\3rd year\\Testing\\Assignment 1 part 2\\TDD_testing_assigment\\src\\Player.js": {"path":"C:\\Users\\user\\Desktop\\Software_Engineer_Program_Courses\\3rd year\\Testing\\Assignment 1 part 2\\TDD_testing_assigment\\src\\Player.js","statementMap":{"0":{"start":{"line":1,"column":13},"end":{"line":1,"column":35}},"1":{"start":{"line":2,"column":15},"end":{"line":2,"column":45}},"2":{"start":{"line":3,"column":17},"end":{"line":3,"column":49}},"3":{"start":{"line":7,"column":11},"end":{"line":7,"column":13}},"4":{"start":{"line":13,"column":6},"end":{"line":13,"column":25}},"5":{"start":{"line":14,"column":6},"end":{"line":16,"column":7}},"6":{"start":{"line":15,"column":8},"end":{"line":15,"column":44}},"7":{"start":{"line":17,"column":6},"end":{"line":17,"column":24}},"8":{"start":{"line":18,"column":6},"end":{"line":18,"column":35}},"9":{"start":{"line":19,"column":6},"end":{"line":19,"column":48}},"10":{"start":{"line":22,"column":8},"end":{"line":22,"column":26}},"11":{"start":{"line":25,"column":8},"end":{"line":25,"column":26}},"12":{"start":{"line":28,"column":8},"end":{"line":28,"column":28}},"13":{"start":{"line":31,"column":8},"end":{"line":31,"column":26}},"14":{"start":{"line":34,"column":8},"end":{"line":34,"column":27}},"15":{"start":{"line":38,"column":6},"end":{"line":68,"column":7}},"16":{"start":{"line":40,"column":10},"end":{"line":40,"column":30}},"17":{"start":{"line":41,"column":10},"end":{"line":41,"column":16}},"18":{"start":{"line":43,"column":10},"end":{"line":43,"column":30}},"19":{"start":{"line":44,"column":10},"end":{"line":44,"column":16}},"20":{"start":{"line":46,"column":10},"end":{"line":46,"column":30}},"21":{"start":{"line":47,"column":10},"end":{"line":47,"column":16}},"22":{"start":{"line":49,"column":10},"end":{"line":49,"column":30}},"23":{"start":{"line":50,"column":10},"end":{"line":50,"column":16}},"24":{"start":{"line":52,"column":10},"end":{"line":52,"column":30}},"25":{"start":{"line":53,"column":10},"end":{"line":53,"column":16}},"26":{"start":{"line":55,"column":10},"end":{"line":55,"column":30}},"27":{"start":{"line":56,"column":10},"end":{"line":56,"column":16}},"28":{"start":{"line":58,"column":10},"end":{"line":58,"column":30}},"29":{"start":{"line":59,"column":10},"end":{"line":59,"column":16}},"30":{"start":{"line":61,"column":10},"end":{"line":61,"column":30}},"31":{"start":{"line":62,"column":10},"end":{"line":62,"column":16}},"32":{"start":{"line":64,"column":10},"end":{"line":64,"column":30}},"33":{"start":{"line":65,"column":10},"end":{"line":65,"column":16}},"34":{"start":{"line":67,"column":10},"end":{"line":67,"column":43}},"35":{"start":{"line":72,"column":8},"end":{"line":72,"column":30}},"36":{"start":{"line":75,"column":6},"end":{"line":84,"column":5}},"37":{"start":{"line":77,"column":10},"end":{"line":77,"column":36}},"38":{"start":{"line":78,"column":10},"end":{"line":78,"column":16}},"39":{"start":{"line":80,"column":10},"end":{"line":80,"column":36}},"40":{"start":{"line":81,"column":10},"end":{"line":81,"column":16}},"41":{"start":{"line":83,"column":10},"end":{"line":83,"column":46}},"42":{"start":{"line":90,"column":2},"end":{"line":90,"column":26}}},"fnMap":{"0":{"name":"(anonymous_0)","decl":{"start":{"line":12,"column":4},"end":{"line":12,"column":5}},"loc":{"start":{"line":12,"column":22},"end":{"line":20,"column":5}},"line":12},"1":{"name":"(anonymous_1)","decl":{"start":{"line":21,"column":4},"end":{"line":21,"column":5}},"loc":{"start":{"line":21,"column":14},"end":{"line":23,"column":5}},"line":21},"2":{"name":"(anonymous_2)","decl":{"start":{"line":24,"column":4},"end":{"line":24,"column":5}},"loc":{"start":{"line":24,"column":18},"end":{"line":26,"column":5}},"line":24},"3":{"name":"(anonymous_3)","decl":{"start":{"line":27,"column":4},"end":{"line":27,"column":5}},"loc":{"start":{"line":27,"column":16},"end":{"line":29,"column":5}},"line":27},"4":{"name":"(anonymous_4)","decl":{"start":{"line":30,"column":4},"end":{"line":30,"column":5}},"loc":{"start":{"line":30,"column":14},"end":{"line":32,"column":5}},"line":30},"5":{"name":"(anonymous_5)","decl":{"start":{"line":33,"column":4},"end":{"line":33,"column":5}},"loc":{"start":{"line":33,"column":15},"end":{"line":35,"column":5}},"line":33},"6":{"name":"(anonymous_6)","decl":{"start":{"line":36,"column":4},"end":{"line":36,"column":5}},"loc":{"start":{"line":36,"column":20},"end":{"line":70,"column":5}},"line":36},"7":{"name":"(anonymous_7)","decl":{"start":{"line":71,"column":4},"end":{"line":71,"column":5}},"loc":{"start":{"line":71,"column":18},"end":{"line":73,"column":5}},"line":71},"8":{"name":"(anonymous_8)","decl":{"start":{"line":74,"column":4},"end":{"line":74,"column":5}},"loc":{"start":{"line":74,"column":26},"end":{"line":85,"column":3}},"line":74}},"branchMap":{"0":{"loc":{"start":{"line":14,"column":6},"end":{"line":16,"column":7}},"type":"if","locations":[{"start":{"line":14,"column":6},"end":{"line":16,"column":7}},{"start":{},"end":{}}],"line":14},"1":{"loc":{"start":{"line":38,"column":6},"end":{"line":68,"column":7}},"type":"switch","locations":[{"start":{"line":39,"column":8},"end":{"line":41,"column":16}},{"start":{"line":42,"column":8},"end":{"line":44,"column":16}},{"start":{"line":45,"column":8},"end":{"line":47,"column":16}},{"start":{"line":48,"column":8},"end":{"line":50,"column":16}},{"start":{"line":51,"column":8},"end":{"line":53,"column":16}},{"start":{"line":54,"column":8},"end":{"line":56,"column":16}},{"start":{"line":57,"column":8},"end":{"line":59,"column":16}},{"start":{"line":60,"column":8},"end":{"line":62,"column":16}},{"start":{"line":63,"column":8},"end":{"line":65,"column":16}},{"start":{"line":66,"column":8},"end":{"line":67,"column":43}}],"line":38},"2":{"loc":{"start":{"line":75,"column":6},"end":{"line":84,"column":5}},"type":"switch","locations":[{"start":{"line":76,"column":8},"end":{"line":78,"column":16}},{"start":{"line":79,"column":8},"end":{"line":81,"column":16}},{"start":{"line":82,"column":8},"end":{"line":83,"column":46}}],"line":75}},"s":{"0":4,"1":4,"2":4,"3":49,"4":49,"5":49,"6":1,"7":48,"8":48,"9":48,"10":21,"11":19,"12":1,"13":263,"14":71,"15":76,"16":31,"17":31,"18":5,"19":5,"20":1,"21":1,"22":9,"23":9,"24":4,"25":4,"26":22,"27":22,"28":1,"29":1,"30":1,"31":1,"32":1,"33":1,"34":1,"35":1,"36":2,"37":1,"38":1,"39":0,"40":0,"41":1,"42":4},"f":{"0":49,"1":21,"2":19,"3":1,"4":263,"5":71,"6":76,"7":1,"8":2},"b":{"0":[1,48],"1":[31,5,1,9,4,22,1,1,1,1],"2":[1,0,1]},"_coverageSchema":"1a1c01bbd47fc00a2c39e90264f33305004495a9","hash":"75f30336065d8da413849470dc9438162994d25c"}
,"C:\\Users\\user\\Desktop\\Software_Engineer_Program_Courses\\3rd year\\Testing\\Assignment 1 part 2\\TDD_testing_assigment\\src\\Rank_types.js": {"path":"C:\\Users\\user\\Desktop\\Software_Engineer_Program_Courses\\3rd year\\Testing\\Assignment 1 part 2\\TDD_testing_assigment\\src\\Rank_types.js","statementMap":{"0":{"start":{"line":1,"column":19},"end":{"line":15,"column":1}},"1":{"start":{"line":17,"column":0},"end":{"line":17,"column":27}}},"fnMap":{},"branchMap":{},"s":{"0":7,"1":7},"f":{},"b":{},"_coverageSchema":"1a1c01bbd47fc00a2c39e90264f33305004495a9","hash":"40c8977362fa3b5dff779c005b5a8b8c28553172"}
,"C:\\Users\\user\\Desktop\\Software_Engineer_Program_Courses\\3rd year\\Testing\\Assignment 1 part 2\\TDD_testing_assigment\\src\\States_types.js": {"path":"C:\\Users\\user\\Desktop\\Software_Engineer_Program_Courses\\3rd year\\Testing\\Assignment 1 part 2\\TDD_testing_assigment\\src\\States_types.js","statementMap":{"0":{"start":{"line":1,"column":20},"end":{"line":11,"column":2}},"1":{"start":{"line":13,"column":0},"end":{"line":13,"column":28}}},"fnMap":{},"branchMap":{},"s":{"0":4,"1":4},"f":{},"b":{},"_coverageSchema":"1a1c01bbd47fc00a2c39e90264f33305004495a9","hash":"27f31959b6a25054bf0ea169f95c47504fe7c7cd"}
,"C:\\Users\\user\\Desktop\\Software_Engineer_Program_Courses\\3rd year\\Testing\\Assignment 1 part 2\\TDD_testing_assigment\\src\\Strategy_types.js": {"path":"C:\\Users\\user\\Desktop\\Software_Engineer_Program_Courses\\3rd year\\Testing\\Assignment 1 part 2\\TDD_testing_assigment\\src\\Strategy_types.js","statementMap":{"0":{"start":{"line":1,"column":22},"end":{"line":4,"column":2}},"1":{"start":{"line":6,"column":0},"end":{"line":6,"column":30}}},"fnMap":{},"branchMap":{},"s":{"0":4,"1":4},"f":{},"b":{},"_coverageSchema":"1a1c01bbd47fc00a2c39e90264f33305004495a9","hash":"345977c3b0cf191f1081f02ea31f331d42814527"}
,"C:\\Users\\user\\Desktop\\Software_Engineer_Program_Courses\\3rd year\\Testing\\Assignment 1 part 2\\TDD_testing_assigment\\src\\Suit_types.js": {"path":"C:\\Users\\user\\Desktop\\Software_Engineer_Program_Courses\\3rd year\\Testing\\Assignment 1 part 2\\TDD_testing_assigment\\src\\Suit_types.js","statementMap":{"0":{"start":{"line":1,"column":19},"end":{"line":1,"column":60}},"1":{"start":{"line":3,"column":0},"end":{"line":3,"column":27}}},"fnMap":{},"branchMap":{},"s":{"0":7,"1":7},"f":{},"b":{},"_coverageSchema":"1a1c01bbd47fc00a2c39e90264f33305004495a9","hash":"c0ff6d462fc41a174ea6c9f3986b3ae9604988b0"}
}
