TN:
SF:src\Card.js
FN:6,(anonymous_0)
FN:11,(anonymous_1)
FN:14,(anonymous_2)
FN:22,(anonymous_3)
FN:25,(anonymous_4)
FN:33,(anonymous_5)
FN:37,(anonymous_6)
FNF:7
FNH:7
FNDA:2096,(anonymous_0)
FNDA:1,(anonymous_1)
FNDA:2106,(anonymous_2)
FNDA:1,(anonymous_3)
FNDA:2112,(anonymous_4)
FNDA:5101,(anonymous_5)
FNDA:85,(anonymous_6)
DA:1,7
DA:2,7
DA:4,2096
DA:5,2096
DA:7,2096
DA:8,2096
DA:12,1
DA:15,2106
DA:16,2105
DA:18,1
DA:23,1
DA:26,2112
DA:27,2111
DA:29,1
DA:34,5101
DA:38,85
DA:42,2106
DA:46,2112
DA:50,5101
DA:53,170
DA:54,170
DA:55,170
DA:56,170
DA:57,170
DA:62,7
LF:25
LH:25
BRDA:15,0,0,2105
BRDA:15,0,1,1
BRDA:26,1,0,2111
BRDA:26,1,1,1
BRDA:50,2,0,4078
BRDA:50,2,1,1023
BRF:6
BRH:6
end_of_record
TN:
SF:src\Dealer.js
FN:7,(anonymous_0)
FN:15,(anonymous_1)
FNF:2
FNH:2
FNDA:25,(anonymous_0)
FNDA:86,(anonymous_1)
DA:1,4
DA:2,4
DA:8,25
DA:9,25
DA:10,1
DA:12,24
DA:16,86
DA:20,4
LF:8
LH:8
BRDA:9,0,0,1
BRDA:9,0,1,24
BRF:2
BRH:2
end_of_record
TN:
SF:src\Deck.js
FN:5,(anonymous_0)
FN:7,(anonymous_1)
FN:11,(anonymous_2)
FNF:3
FNH:2
FNDA:27,(anonymous_0)
FNDA:0,(anonymous_1)
FNDA:2085,(anonymous_2)
DA:1,5
DA:2,5
DA:3,5
DA:8,0
DA:12,2085
DA:16,5
LF:6
LH:5
BRF:0
BRH:0
end_of_record
TN:
SF:src\Game.js
FN:10,(anonymous_0)
FN:17,(anonymous_1)
FN:20,(anonymous_2)
FN:33,(anonymous_3)
FN:37,(anonymous_4)
FN:67,(anonymous_5)
FN:76,(anonymous_6)
FN:114,(anonymous_7)
FN:130,(anonymous_8)
FN:142,(anonymous_9)
FN:150,(anonymous_10)
FN:158,(anonymous_11)
FN:171,(anonymous_12)
FN:192,(anonymous_13)
FNF:14
FNH:14
FNDA:22,(anonymous_0)
FNDA:2,(anonymous_1)
FNDA:19,(anonymous_2)
FNDA:241,(anonymous_3)
FNDA:16,(anonymous_4)
FNDA:16,(anonymous_5)
FNDA:16,(anonymous_6)
FNDA:16,(anonymous_7)
FNDA:16,(anonymous_8)
FNDA:16,(anonymous_9)
FNDA:16,(anonymous_10)
FNDA:16,(anonymous_11)
FNDA:32,(anonymous_12)
FNDA:16,(anonymous_13)
DA:1,4
DA:2,4
DA:3,4
DA:4,4
DA:5,4
DA:9,22
DA:11,22
DA:12,1
DA:14,21
DA:18,2
DA:21,19
DA:22,2
DA:24,17
DA:25,18
DA:26,18
DA:27,18
DA:28,18
DA:29,18
DA:38,16
DA:39,16
DA:40,16
DA:41,16
DA:42,16
DA:43,16
DA:45,0
DA:46,0
DA:48,16
DA:49,0
DA:50,0
DA:51,0
DA:52,0
DA:54,16
DA:55,16
DA:60,16
DA:61,16
DA:68,16
DA:69,16
DA:70,16
DA:71,16
DA:72,16
DA:73,16
DA:78,16
DA:79,16
DA:80,17
DA:81,17
DA:83,17
DA:84,17
DA:85,10
DA:86,10
DA:89,0
DA:90,0
DA:91,0
DA:92,0
DA:96,17
DA:97,10
DA:98,10
DA:99,10
DA:101,7
DA:104,16
DA:107,16
DA:108,16
DA:109,16
DA:110,16
DA:111,16
DA:116,16
DA:117,0
DA:118,0
DA:119,0
DA:121,0
DA:124,0
DA:125,0
DA:127,0
DA:131,16
DA:132,32
DA:133,32
DA:134,32
DA:135,32
DA:136,32
DA:143,16
DA:144,32
DA:145,32
DA:146,32
DA:151,16
DA:152,10
DA:153,10
DA:154,10
DA:159,16
DA:160,16
DA:161,16
DA:162,1
DA:163,1
DA:165,15
DA:168,16
DA:172,32
DA:173,10
DA:174,3
DA:175,3
DA:177,7
DA:178,7
DA:181,22
DA:182,13
DA:183,13
DA:185,9
DA:186,9
DA:193,16
DA:194,15
DA:195,15
DA:197,1
DA:199,1
DA:200,1
DA:201,1
DA:205,4
LF:112
LH:95
BRDA:11,0,0,1
BRDA:11,0,1,21
BRDA:21,1,0,2
BRDA:21,1,1,17
BRDA:21,2,0,19
BRDA:21,2,1,18
BRDA:37,3,0,0
BRDA:39,4,0,16
BRDA:39,4,1,0
BRDA:43,5,0,0
BRDA:43,5,1,16
BRDA:43,5,2,16
BRDA:43,5,3,16
BRDA:46,6,0,0
BRDA:46,6,1,0
BRDA:48,7,0,0
BRDA:48,7,1,16
BRDA:67,8,0,0
BRDA:76,9,0,0
BRDA:83,10,0,17
BRDA:83,10,1,0
BRDA:84,11,0,10
BRDA:84,11,1,7
BRDA:91,12,0,0
BRDA:91,12,1,0
BRDA:91,12,2,0
BRDA:96,13,0,10
BRDA:96,13,1,7
BRDA:114,14,0,0
BRDA:116,15,0,16
BRDA:116,15,1,0
BRDA:118,16,0,0
BRDA:118,16,1,0
BRDA:124,17,0,0
BRDA:124,17,1,0
BRDA:124,18,0,0
BRDA:124,18,1,0
BRDA:135,19,0,32
BRDA:135,19,1,0
BRDA:161,20,0,1
BRDA:161,20,1,15
BRDA:161,21,0,16
BRDA:161,21,1,9
BRDA:161,21,2,8
BRDA:172,22,0,10
BRDA:172,22,1,22
BRDA:173,23,0,3
BRDA:173,23,1,7
BRDA:181,24,0,13
BRDA:181,24,1,9
BRDA:193,25,0,15
BRDA:193,25,1,1
BRF:52
BRH:31
end_of_record
TN:
SF:src\GameStub.js
FN:3,(anonymous_0)
FN:6,(anonymous_1)
FNF:2
FNH:2
FNDA:19,(anonymous_0)
FNDA:26,(anonymous_1)
DA:1,3
DA:4,19
DA:7,26
DA:11,3
LF:4
LH:4
BRF:0
BRH:0
end_of_record
TN:
SF:src\Hand.js
FN:4,(anonymous_0)
FN:7,(anonymous_1)
FN:11,(anonymous_2)
FN:23,(anonymous_3)
FN:27,(anonymous_4)
FNF:5
FNH:5
FNDA:56,(anonymous_0)
FNDA:6,(anonymous_1)
FNDA:97,(anonymous_2)
FNDA:3,(anonymous_3)
FNDA:177,(anonymous_4)
DA:2,56
DA:3,56
DA:8,6
DA:12,97
DA:13,97
DA:14,179
DA:15,13
DA:17,166
DA:20,97
DA:24,3
DA:28,177
DA:29,177
DA:30,434
DA:31,22
DA:33,412
DA:36,177
DA:37,2
DA:39,177
DA:43,5
LF:19
LH:19
BRDA:8,0,0,1
BRDA:8,0,1,5
BRDA:14,1,0,13
BRDA:14,1,1,166
BRDA:30,2,0,22
BRDA:30,2,1,412
BRDA:36,3,0,2
BRDA:36,3,1,175
BRDA:36,4,0,177
BRDA:36,4,1,33
BRF:10
BRH:10
end_of_record
TN:
SF:src\Player.js
FN:12,(anonymous_0)
FN:21,(anonymous_1)
FN:24,(anonymous_2)
FN:27,(anonymous_3)
FN:30,(anonymous_4)
FN:33,(anonymous_5)
FN:36,(anonymous_6)
FN:71,(anonymous_7)
FN:74,(anonymous_8)
FNF:9
FNH:9
FNDA:49,(anonymous_0)
FNDA:19,(anonymous_1)
FNDA:19,(anonymous_2)
FNDA:1,(anonymous_3)
FNDA:264,(anonymous_4)
FNDA:71,(anonymous_5)
FNDA:76,(anonymous_6)
FNDA:1,(anonymous_7)
FNDA:2,(anonymous_8)
DA:1,4
DA:2,4
DA:3,4
DA:7,49
DA:13,49
DA:14,49
DA:15,1
DA:17,48
DA:18,48
DA:19,48
DA:22,19
DA:25,19
DA:28,1
DA:31,264
DA:34,71
DA:38,76
DA:40,32
DA:41,32
DA:43,4
DA:44,4
DA:46,1
DA:47,1
DA:49,10
DA:50,10
DA:52,2
DA:53,2
DA:55,23
DA:56,23
DA:58,1
DA:59,1
DA:61,1
DA:62,1
DA:64,1
DA:65,1
DA:67,1
DA:72,1
DA:75,2
DA:77,1
DA:78,1
DA:80,0
DA:81,0
DA:83,1
DA:90,4
LF:43
LH:41
BRDA:14,0,0,1
BRDA:14,0,1,48
BRDA:38,1,0,32
BRDA:38,1,1,4
BRDA:38,1,2,1
BRDA:38,1,3,10
BRDA:38,1,4,2
BRDA:38,1,5,23
BRDA:38,1,6,1
BRDA:38,1,7,1
BRDA:38,1,8,1
BRDA:38,1,9,1
BRDA:75,2,0,1
BRDA:75,2,1,0
BRDA:75,2,2,1
BRF:15
BRH:14
end_of_record
TN:
SF:src\Rank_types.js
FNF:0
FNH:0
DA:1,7
DA:17,7
LF:2
LH:2
BRF:0
BRH:0
end_of_record
TN:
SF:src\States_types.js
FNF:0
FNH:0
DA:1,4
DA:13,4
LF:2
LH:2
BRF:0
BRH:0
end_of_record
TN:
SF:src\Strategy_types.js
FNF:0
FNH:0
DA:1,4
DA:6,4
LF:2
LH:2
BRF:0
BRH:0
end_of_record
TN:
SF:src\Suit_types.js
FNF:0
FNH:0
DA:1,7
DA:3,7
LF:2
LH:2
BRF:0
BRH:0
end_of_record
