TN:
SF:src\Card.js
FN:6,(anonymous_0)
FN:9,(anonymous_1)
FN:12,(anonymous_2)
FN:20,(anonymous_3)
FN:23,(anonymous_4)
FN:31,(anonymous_5)
FN:35,(anonymous_6)
FNF:7
FNH:7
FNDA:1520,(anonymous_0)
FNDA:1,(anonymous_1)
FNDA:1519,(anonymous_2)
FNDA:1,(anonymous_3)
FNDA:1525,(anonymous_4)
FNDA:1368,(anonymous_5)
FNDA:85,(anonymous_6)
DA:1,7
DA:2,7
DA:4,1520
DA:5,1520
DA:10,1
DA:13,1519
DA:14,1518
DA:16,1
DA:21,1
DA:24,1525
DA:25,1524
DA:27,1
DA:32,1368
DA:36,85
DA:40,1519
DA:44,1525
DA:48,1368
DA:51,170
DA:52,170
DA:53,170
DA:54,170
DA:55,170
DA:60,7
LF:23
LH:23
BRDA:13,0,0,1518
BRDA:13,0,1,1
BRDA:24,1,0,1524
BRDA:24,1,1,1
BRDA:48,2,0,906
BRDA:48,2,1,462
BRF:6
BRH:6
end_of_record
TN:
SF:src\Dealer.js
FN:7,(anonymous_0)
FN:12,(anonymous_1)
FN:16,(anonymous_2)
FNF:3
FNH:3
FNDA:25,(anonymous_0)
FNDA:86,(anonymous_1)
FNDA:18,(anonymous_2)
DA:1,4
DA:2,4
DA:8,25
DA:9,25
DA:13,86
DA:17,18
DA:21,4
LF:7
LH:7
BRF:0
BRH:0
end_of_record
TN:
SF:src\Deck.js
FN:6,(anonymous_0)
FN:16,(anonymous_1)
FN:20,(anonymous_2)
FN:27,(anonymous_3)
FNF:4
FNH:4
FNDA:29,(anonymous_0)
FNDA:1,(anonymous_1)
FNDA:138,(anonymous_2)
FNDA:19,(anonymous_3)
DA:1,5
DA:2,5
DA:3,5
DA:5,29
DA:7,29
DA:8,116
DA:9,1508
DA:10,1508
DA:11,1508
DA:12,1508
DA:17,1
DA:21,138
DA:22,1
DA:24,137
DA:28,19
DA:29,19456
DA:30,19456
DA:35,5
LF:18
LH:18
BRDA:21,0,0,1
BRDA:21,0,1,137
BRF:2
BRH:2
end_of_record
TN:
SF:src\DeckStub.js
FN:4,(anonymous_0)
FN:8,(anonymous_1)
FNF:2
FNH:2
FNDA:1,(anonymous_0)
FNDA:1,(anonymous_1)
DA:1,1
DA:5,1
DA:9,1
DA:13,1
LF:4
LH:4
BRF:0
BRH:0
end_of_record
TN:
SF:src\Game.js
FN:9,(anonymous_0)
FN:13,(anonymous_1)
FN:16,(anonymous_2)
FN:28,(anonymous_3)
FN:32,(anonymous_4)
FN:62,(anonymous_5)
FN:72,(anonymous_6)
FN:110,(anonymous_7)
FN:126,(anonymous_8)
FN:138,(anonymous_9)
FN:146,(anonymous_10)
FN:154,(anonymous_11)
FN:167,(anonymous_12)
FN:188,(anonymous_13)
FNF:14
FNH:14
FNDA:21,(anonymous_0)
FNDA:14,(anonymous_1)
FNDA:19,(anonymous_2)
FNDA:235,(anonymous_3)
FNDA:16,(anonymous_4)
FNDA:16,(anonymous_5)
FNDA:16,(anonymous_6)
FNDA:16,(anonymous_7)
FNDA:16,(anonymous_8)
FNDA:16,(anonymous_9)
FNDA:16,(anonymous_10)
FNDA:16,(anonymous_11)
FNDA:32,(anonymous_12)
FNDA:16,(anonymous_13)
DA:1,4
DA:2,4
DA:3,4
DA:4,4
DA:8,21
DA:10,21
DA:14,14
DA:17,19
DA:18,2
DA:20,17
DA:21,18
DA:22,18
DA:23,18
DA:24,18
DA:33,16
DA:34,16
DA:35,16
DA:36,16
DA:37,16
DA:38,16
DA:40,0
DA:41,0
DA:43,16
DA:44,0
DA:45,0
DA:46,0
DA:47,0
DA:49,16
DA:50,16
DA:55,16
DA:56,16
DA:63,16
DA:64,16
DA:65,16
DA:66,16
DA:67,16
DA:68,16
DA:69,16
DA:74,16
DA:75,16
DA:76,15
DA:77,15
DA:79,15
DA:80,15
DA:81,6
DA:82,6
DA:85,0
DA:86,0
DA:87,0
DA:88,0
DA:92,15
DA:93,6
DA:94,6
DA:95,6
DA:97,9
DA:100,16
DA:103,16
DA:104,16
DA:105,16
DA:106,16
DA:107,16
DA:112,16
DA:113,0
DA:114,0
DA:115,0
DA:117,0
DA:120,0
DA:121,0
DA:123,0
DA:127,16
DA:128,32
DA:129,32
DA:130,32
DA:131,32
DA:132,32
DA:139,16
DA:140,32
DA:141,32
DA:142,32
DA:147,16
DA:148,14
DA:149,14
DA:150,14
DA:155,16
DA:156,16
DA:157,16
DA:158,3
DA:159,3
DA:161,13
DA:164,16
DA:168,32
DA:169,16
DA:170,10
DA:171,10
DA:173,6
DA:174,6
DA:177,16
DA:178,6
DA:179,6
DA:181,10
DA:182,10
DA:189,16
DA:190,13
DA:191,13
DA:193,3
DA:195,3
DA:196,3
DA:197,3
DA:201,4
LF:109
LH:92
BRDA:17,0,0,2
BRDA:17,0,1,17
BRDA:17,1,0,19
BRDA:17,1,1,18
BRDA:32,2,0,0
BRDA:34,3,0,16
BRDA:34,3,1,0
BRDA:38,4,0,0
BRDA:38,4,1,16
BRDA:38,4,2,16
BRDA:38,4,3,16
BRDA:41,5,0,0
BRDA:41,5,1,0
BRDA:43,6,0,0
BRDA:43,6,1,16
BRDA:62,7,0,0
BRDA:72,8,0,0
BRDA:79,9,0,15
BRDA:79,9,1,0
BRDA:80,10,0,6
BRDA:80,10,1,9
BRDA:87,11,0,0
BRDA:87,11,1,0
BRDA:87,11,2,0
BRDA:92,12,0,6
BRDA:92,12,1,9
BRDA:110,13,0,0
BRDA:112,14,0,16
BRDA:112,14,1,0
BRDA:114,15,0,0
BRDA:114,15,1,0
BRDA:120,16,0,0
BRDA:120,16,1,0
BRDA:120,17,0,0
BRDA:120,17,1,0
BRDA:131,18,0,32
BRDA:131,18,1,0
BRDA:157,19,0,3
BRDA:157,19,1,13
BRDA:157,20,0,16
BRDA:157,20,1,10
BRDA:157,20,2,7
BRDA:168,21,0,16
BRDA:168,21,1,16
BRDA:169,22,0,10
BRDA:169,22,1,6
BRDA:177,23,0,6
BRDA:177,23,1,10
BRDA:189,24,0,13
BRDA:189,24,1,3
BRF:50
BRH:29
end_of_record
TN:
SF:src\GameStub.js
FN:3,(anonymous_0)
FN:6,(anonymous_1)
FNF:2
FNH:2
FNDA:19,(anonymous_0)
FNDA:26,(anonymous_1)
DA:1,3
DA:4,19
DA:7,26
DA:11,3
LF:4
LH:4
BRF:0
BRH:0
end_of_record
TN:
SF:src\Hand.js
FN:4,(anonymous_0)
FN:7,(anonymous_1)
FN:11,(anonymous_2)
FN:23,(anonymous_3)
FN:27,(anonymous_4)
FNF:5
FNH:5
FNDA:57,(anonymous_0)
FNDA:6,(anonymous_1)
FNDA:97,(anonymous_2)
FNDA:3,(anonymous_3)
FNDA:166,(anonymous_4)
DA:2,57
DA:3,57
DA:8,6
DA:12,97
DA:13,97
DA:14,179
DA:15,14
DA:17,165
DA:20,97
DA:24,3
DA:28,166
DA:29,166
DA:30,412
DA:31,22
DA:33,390
DA:36,166
DA:37,2
DA:39,166
DA:43,5
LF:19
LH:19
BRDA:8,0,0,1
BRDA:8,0,1,5
BRDA:14,1,0,14
BRDA:14,1,1,165
BRDA:30,2,0,22
BRDA:30,2,1,390
BRDA:36,3,0,2
BRDA:36,3,1,164
BRDA:36,4,0,166
BRDA:36,4,1,52
BRF:10
BRH:10
end_of_record
TN:
SF:src\HandStub.js
FN:4,(anonymous_0)
FNF:1
FNH:1
FNDA:1,(anonymous_0)
DA:1,1
DA:5,1
DA:9,1
LF:3
LH:3
BRF:0
BRH:0
end_of_record
TN:
SF:src\Player.js
FN:11,(anonymous_0)
FN:17,(anonymous_1)
FN:20,(anonymous_2)
FN:23,(anonymous_3)
FN:26,(anonymous_4)
FN:29,(anonymous_5)
FN:32,(anonymous_6)
FN:67,(anonymous_7)
FN:70,(anonymous_8)
FNF:9
FNH:9
FNDA:48,(anonymous_0)
FNDA:21,(anonymous_1)
FNDA:19,(anonymous_2)
FNDA:1,(anonymous_3)
FNDA:249,(anonymous_4)
FNDA:70,(anonymous_5)
FNDA:76,(anonymous_6)
FNDA:1,(anonymous_7)
FNDA:2,(anonymous_8)
DA:1,4
DA:2,4
DA:3,4
DA:6,48
DA:12,48
DA:13,48
DA:14,48
DA:15,48
DA:18,21
DA:21,19
DA:24,1
DA:27,249
DA:30,70
DA:34,76
DA:36,25
DA:37,25
DA:39,11
DA:40,11
DA:42,1
DA:43,1
DA:45,11
DA:46,11
DA:48,4
DA:49,4
DA:51,20
DA:52,20
DA:54,1
DA:55,1
DA:57,1
DA:58,1
DA:60,1
DA:61,1
DA:63,1
DA:68,1
DA:71,2
DA:73,1
DA:74,1
DA:76,0
DA:77,0
DA:79,1
DA:86,4
LF:41
LH:39
BRDA:34,0,0,25
BRDA:34,0,1,11
BRDA:34,0,2,1
BRDA:34,0,3,11
BRDA:34,0,4,4
BRDA:34,0,5,20
BRDA:34,0,6,1
BRDA:34,0,7,1
BRDA:34,0,8,1
BRDA:34,0,9,1
BRDA:71,1,0,1
BRDA:71,1,1,0
BRDA:71,1,2,1
BRF:13
BRH:12
end_of_record
TN:
SF:src\PlayerStub.js
FN:7,(anonymous_0)
FN:12,(anonymous_1)
FN:17,(anonymous_2)
FN:21,(anonymous_3)
FN:25,(anonymous_4)
FNF:5
FNH:3
FNDA:1,(anonymous_0)
FNDA:0,(anonymous_1)
FNDA:3,(anonymous_2)
FNDA:0,(anonymous_3)
FNDA:1,(anonymous_4)
DA:1,1
DA:2,1
DA:3,1
DA:8,1
DA:9,1
DA:13,0
DA:14,0
DA:18,3
DA:22,0
DA:26,1
DA:27,1
DA:28,1
DA:29,1
DA:33,1
LF:14
LH:11
BRF:0
BRH:0
end_of_record
TN:
SF:src\Rank_types.js
FNF:0
FNH:0
DA:1,7
DA:17,7
LF:2
LH:2
BRF:0
BRH:0
end_of_record
TN:
SF:src\States_types.js
FNF:0
FNH:0
DA:1,4
DA:13,4
LF:2
LH:2
BRF:0
BRH:0
end_of_record
TN:
SF:src\Strategy_types.js
FNF:0
FNH:0
DA:1,4
DA:6,4
LF:2
LH:2
BRF:0
BRH:0
end_of_record
TN:
SF:src\Suit_types.js
FNF:0
FNH:0
DA:1,7
DA:3,7
LF:2
LH:2
BRF:0
BRH:0
end_of_record
